2021-07-08T18:52:14+00:00 CRITICAL Uncaught Error: Call to a member function get_image_id() on null in /var/www/html/Loix/wp-content/plugins/yith-woocommerce-featured-audio-video-content-premium/includes/classes/class.ywcfav-frontend-premium.php:45
Stack trace:
#0 /var/www/html/Loix/wp-includes/class-wp-hook.php(287): YITH_Featured_Audio_Video_Frontend_Premium->get_video_audio_content('    <div class=...', 0)
#1 /var/www/html/Loix/wp-includes/plugin.php(206): WP_Hook->apply_filters('    <div class=...', Array)
#2 /var/www/html/Loix/wp-content/plugins/woo-variation-gallery/includes/slider-template-js.php(22): apply_filters('woocommerce_sin...', '    <div class=...', 0)
#3 /var/www/html/Loix/wp-content/plugins/woo-variation-gallery/woo-variation-gallery.php(445): require_once('/var/www/html/L...')
#4 /var/www/html/Loix/wp-includes/class-wp-hook.php(287): Woo_Variation_Gallery->slider_template_js('')
#5 /var/www/html/Loix/wp-includes/class-wp-hook.php(311): WP_Hook->apply_filters(NULL, Array)
#6 /var/www/html/Loix/wp-includes/plugin.php(478): WP_ en /var/www/html/Loix/wp-content/plugins/yith-woocommerce-featured-audio-video-content-premium/includes/classes/class.ywcfav-frontend-premium.php en la línea 45

2021-07-08T19:24:19+00:00 CRITICAL Uncaught Error: Call to a member function get_image_id() on null in /var/www/html/Loix/wp-content/plugins/yith-woocommerce-featured-audio-video-content-premium/includes/classes/class.ywcfav-frontend-premium.php:45
Stack trace:
#0 /var/www/html/Loix/wp-includes/class-wp-hook.php(287): YITH_Featured_Audio_Video_Frontend_Premium->get_video_audio_content('    <div class=...', 0)
#1 /var/www/html/Loix/wp-includes/plugin.php(206): WP_Hook->apply_filters('    <div class=...', Array)
#2 /var/www/html/Loix/wp-content/plugins/woo-variation-gallery/includes/slider-template-js.php(22): apply_filters('woocommerce_sin...', '    <div class=...', 0)
#3 /var/www/html/Loix/wp-content/plugins/woo-variation-gallery/woo-variation-gallery.php(445): require_once('/var/www/html/L...')
#4 /var/www/html/Loix/wp-includes/class-wp-hook.php(287): Woo_Variation_Gallery->slider_template_js('')
#5 /var/www/html/Loix/wp-includes/class-wp-hook.php(311): WP_Hook->apply_filters(NULL, Array)
#6 /var/www/html/Loix/wp-includes/plugin.php(478): WP_ en /var/www/html/Loix/wp-content/plugins/yith-woocommerce-featured-audio-video-content-premium/includes/classes/class.ywcfav-frontend-premium.php en la línea 45

2021-07-08T19:24:21+00:00 CRITICAL Uncaught Error: Call to a member function get_image_id() on null in /var/www/html/Loix/wp-content/plugins/yith-woocommerce-featured-audio-video-content-premium/includes/classes/class.ywcfav-frontend-premium.php:45
Stack trace:
#0 /var/www/html/Loix/wp-includes/class-wp-hook.php(287): YITH_Featured_Audio_Video_Frontend_Premium->get_video_audio_content('    <div class=...', 0)
#1 /var/www/html/Loix/wp-includes/plugin.php(206): WP_Hook->apply_filters('    <div class=...', Array)
#2 /var/www/html/Loix/wp-content/plugins/woo-variation-gallery/includes/slider-template-js.php(22): apply_filters('woocommerce_sin...', '    <div class=...', 0)
#3 /var/www/html/Loix/wp-content/plugins/woo-variation-gallery/woo-variation-gallery.php(445): require_once('/var/www/html/L...')
#4 /var/www/html/Loix/wp-includes/class-wp-hook.php(287): Woo_Variation_Gallery->slider_template_js('')
#5 /var/www/html/Loix/wp-includes/class-wp-hook.php(311): WP_Hook->apply_filters(NULL, Array)
#6 /var/www/html/Loix/wp-includes/plugin.php(478): WP_ en /var/www/html/Loix/wp-content/plugins/yith-woocommerce-featured-audio-video-content-premium/includes/classes/class.ywcfav-frontend-premium.php en la línea 45

2021-07-08T19:24:21+00:00 CRITICAL Uncaught Error: Call to a member function get_image_id() on null in /var/www/html/Loix/wp-content/plugins/yith-woocommerce-featured-audio-video-content-premium/includes/classes/class.ywcfav-frontend-premium.php:45
Stack trace:
#0 /var/www/html/Loix/wp-includes/class-wp-hook.php(287): YITH_Featured_Audio_Video_Frontend_Premium->get_video_audio_content('    <div class=...', 0)
#1 /var/www/html/Loix/wp-includes/plugin.php(206): WP_Hook->apply_filters('    <div class=...', Array)
#2 /var/www/html/Loix/wp-content/plugins/woo-variation-gallery/includes/slider-template-js.php(22): apply_filters('woocommerce_sin...', '    <div class=...', 0)
#3 /var/www/html/Loix/wp-content/plugins/woo-variation-gallery/woo-variation-gallery.php(445): require_once('/var/www/html/L...')
#4 /var/www/html/Loix/wp-includes/class-wp-hook.php(287): Woo_Variation_Gallery->slider_template_js('')
#5 /var/www/html/Loix/wp-includes/class-wp-hook.php(311): WP_Hook->apply_filters(NULL, Array)
#6 /var/www/html/Loix/wp-includes/plugin.php(478): WP_ en /var/www/html/Loix/wp-content/plugins/yith-woocommerce-featured-audio-video-content-premium/includes/classes/class.ywcfav-frontend-premium.php en la línea 45

2021-07-08T19:24:27+00:00 CRITICAL Uncaught Error: Call to a member function get_image_id() on null in /var/www/html/Loix/wp-content/plugins/yith-woocommerce-featured-audio-video-content-premium/includes/classes/class.ywcfav-frontend-premium.php:45
Stack trace:
#0 /var/www/html/Loix/wp-includes/class-wp-hook.php(287): YITH_Featured_Audio_Video_Frontend_Premium->get_video_audio_content('    <div class=...', 0)
#1 /var/www/html/Loix/wp-includes/plugin.php(206): WP_Hook->apply_filters('    <div class=...', Array)
#2 /var/www/html/Loix/wp-content/plugins/woo-variation-gallery/includes/slider-template-js.php(22): apply_filters('woocommerce_sin...', '    <div class=...', 0)
#3 /var/www/html/Loix/wp-content/plugins/woo-variation-gallery/woo-variation-gallery.php(445): require_once('/var/www/html/L...')
#4 /var/www/html/Loix/wp-includes/class-wp-hook.php(287): Woo_Variation_Gallery->slider_template_js('')
#5 /var/www/html/Loix/wp-includes/class-wp-hook.php(311): WP_Hook->apply_filters(NULL, Array)
#6 /var/www/html/Loix/wp-includes/plugin.php(478): WP_ en /var/www/html/Loix/wp-content/plugins/yith-woocommerce-featured-audio-video-content-premium/includes/classes/class.ywcfav-frontend-premium.php en la línea 45

2021-07-08T19:24:29+00:00 CRITICAL Uncaught Error: Call to a member function get_image_id() on null in /var/www/html/Loix/wp-content/plugins/yith-woocommerce-featured-audio-video-content-premium/includes/classes/class.ywcfav-frontend-premium.php:45
Stack trace:
#0 /var/www/html/Loix/wp-includes/class-wp-hook.php(287): YITH_Featured_Audio_Video_Frontend_Premium->get_video_audio_content('    <div class=...', 0)
#1 /var/www/html/Loix/wp-includes/plugin.php(206): WP_Hook->apply_filters('    <div class=...', Array)
#2 /var/www/html/Loix/wp-content/plugins/woo-variation-gallery/includes/slider-template-js.php(22): apply_filters('woocommerce_sin...', '    <div class=...', 0)
#3 /var/www/html/Loix/wp-content/plugins/woo-variation-gallery/woo-variation-gallery.php(445): require_once('/var/www/html/L...')
#4 /var/www/html/Loix/wp-includes/class-wp-hook.php(287): Woo_Variation_Gallery->slider_template_js('')
#5 /var/www/html/Loix/wp-includes/class-wp-hook.php(311): WP_Hook->apply_filters(NULL, Array)
#6 /var/www/html/Loix/wp-includes/plugin.php(478): WP_ en /var/www/html/Loix/wp-content/plugins/yith-woocommerce-featured-audio-video-content-premium/includes/classes/class.ywcfav-frontend-premium.php en la línea 45

2021-07-08T19:50:20+00:00 CRITICAL Uncaught Error: Call to a member function get_image_id() on null in /var/www/html/Loix/wp-content/plugins/yith-woocommerce-featured-audio-video-content-premium/includes/classes/class.ywcfav-frontend-premium.php:45
Stack trace:
#0 /var/www/html/Loix/wp-includes/class-wp-hook.php(287): YITH_Featured_Audio_Video_Frontend_Premium->get_video_audio_content('    <div class=...', 0)
#1 /var/www/html/Loix/wp-includes/plugin.php(206): WP_Hook->apply_filters('    <div class=...', Array)
#2 /var/www/html/Loix/wp-content/plugins/woo-variation-gallery/includes/slider-template-js.php(22): apply_filters('woocommerce_sin...', '    <div class=...', 0)
#3 /var/www/html/Loix/wp-content/plugins/woo-variation-gallery/woo-variation-gallery.php(445): require_once('/var/www/html/L...')
#4 /var/www/html/Loix/wp-includes/class-wp-hook.php(287): Woo_Variation_Gallery->slider_template_js('')
#5 /var/www/html/Loix/wp-includes/class-wp-hook.php(311): WP_Hook->apply_filters(NULL, Array)
#6 /var/www/html/Loix/wp-includes/plugin.php(478): WP_ en /var/www/html/Loix/wp-content/plugins/yith-woocommerce-featured-audio-video-content-premium/includes/classes/class.ywcfav-frontend-premium.php en la línea 45

2021-07-08T19:50:23+00:00 CRITICAL Uncaught Error: Call to a member function get_image_id() on null in /var/www/html/Loix/wp-content/plugins/yith-woocommerce-featured-audio-video-content-premium/includes/classes/class.ywcfav-frontend-premium.php:45
Stack trace:
#0 /var/www/html/Loix/wp-includes/class-wp-hook.php(287): YITH_Featured_Audio_Video_Frontend_Premium->get_video_audio_content('    <div class=...', 0)
#1 /var/www/html/Loix/wp-includes/plugin.php(206): WP_Hook->apply_filters('    <div class=...', Array)
#2 /var/www/html/Loix/wp-content/plugins/woo-variation-gallery/includes/slider-template-js.php(22): apply_filters('woocommerce_sin...', '    <div class=...', 0)
#3 /var/www/html/Loix/wp-content/plugins/woo-variation-gallery/woo-variation-gallery.php(445): require_once('/var/www/html/L...')
#4 /var/www/html/Loix/wp-includes/class-wp-hook.php(287): Woo_Variation_Gallery->slider_template_js('')
#5 /var/www/html/Loix/wp-includes/class-wp-hook.php(311): WP_Hook->apply_filters(NULL, Array)
#6 /var/www/html/Loix/wp-includes/plugin.php(478): WP_ en /var/www/html/Loix/wp-content/plugins/yith-woocommerce-featured-audio-video-content-premium/includes/classes/class.ywcfav-frontend-premium.php en la línea 45

2021-07-08T19:50:48+00:00 CRITICAL Uncaught Error: Call to a member function get_image_id() on null in /var/www/html/Loix/wp-content/plugins/yith-woocommerce-featured-audio-video-content-premium/includes/classes/class.ywcfav-frontend-premium.php:45
Stack trace:
#0 /var/www/html/Loix/wp-includes/class-wp-hook.php(287): YITH_Featured_Audio_Video_Frontend_Premium->get_video_audio_content('    <div class=...', 0)
#1 /var/www/html/Loix/wp-includes/plugin.php(206): WP_Hook->apply_filters('    <div class=...', Array)
#2 /var/www/html/Loix/wp-content/plugins/woo-variation-gallery/includes/slider-template-js.php(22): apply_filters('woocommerce_sin...', '    <div class=...', 0)
#3 /var/www/html/Loix/wp-content/plugins/woo-variation-gallery/woo-variation-gallery.php(445): require_once('/var/www/html/L...')
#4 /var/www/html/Loix/wp-includes/class-wp-hook.php(287): Woo_Variation_Gallery->slider_template_js('')
#5 /var/www/html/Loix/wp-includes/class-wp-hook.php(311): WP_Hook->apply_filters(NULL, Array)
#6 /var/www/html/Loix/wp-includes/plugin.php(478): WP_ en /var/www/html/Loix/wp-content/plugins/yith-woocommerce-featured-audio-video-content-premium/includes/classes/class.ywcfav-frontend-premium.php en la línea 45

2021-07-08T19:50:50+00:00 CRITICAL Uncaught Error: Call to a member function get_image_id() on null in /var/www/html/Loix/wp-content/plugins/yith-woocommerce-featured-audio-video-content-premium/includes/classes/class.ywcfav-frontend-premium.php:45
Stack trace:
#0 /var/www/html/Loix/wp-includes/class-wp-hook.php(287): YITH_Featured_Audio_Video_Frontend_Premium->get_video_audio_content('    <div class=...', 0)
#1 /var/www/html/Loix/wp-includes/plugin.php(206): WP_Hook->apply_filters('    <div class=...', Array)
#2 /var/www/html/Loix/wp-content/plugins/woo-variation-gallery/includes/slider-template-js.php(22): apply_filters('woocommerce_sin...', '    <div class=...', 0)
#3 /var/www/html/Loix/wp-content/plugins/woo-variation-gallery/woo-variation-gallery.php(445): require_once('/var/www/html/L...')
#4 /var/www/html/Loix/wp-includes/class-wp-hook.php(287): Woo_Variation_Gallery->slider_template_js('')
#5 /var/www/html/Loix/wp-includes/class-wp-hook.php(311): WP_Hook->apply_filters(NULL, Array)
#6 /var/www/html/Loix/wp-includes/plugin.php(478): WP_ en /var/www/html/Loix/wp-content/plugins/yith-woocommerce-featured-audio-video-content-premium/includes/classes/class.ywcfav-frontend-premium.php en la línea 45

2021-07-08T19:51:52+00:00 CRITICAL Uncaught Error: Call to a member function get_image_id() on null in /var/www/html/Loix/wp-content/plugins/yith-woocommerce-featured-audio-video-content-premium/includes/classes/class.ywcfav-frontend-premium.php:45
Stack trace:
#0 /var/www/html/Loix/wp-includes/class-wp-hook.php(287): YITH_Featured_Audio_Video_Frontend_Premium->get_video_audio_content('    <div class=...', 0)
#1 /var/www/html/Loix/wp-includes/plugin.php(206): WP_Hook->apply_filters('    <div class=...', Array)
#2 /var/www/html/Loix/wp-content/plugins/woo-variation-gallery/includes/slider-template-js.php(22): apply_filters('woocommerce_sin...', '    <div class=...', 0)
#3 /var/www/html/Loix/wp-content/plugins/woo-variation-gallery/woo-variation-gallery.php(445): require_once('/var/www/html/L...')
#4 /var/www/html/Loix/wp-includes/class-wp-hook.php(287): Woo_Variation_Gallery->slider_template_js('')
#5 /var/www/html/Loix/wp-includes/class-wp-hook.php(311): WP_Hook->apply_filters(NULL, Array)
#6 /var/www/html/Loix/wp-includes/plugin.php(478): WP_ en /var/www/html/Loix/wp-content/plugins/yith-woocommerce-featured-audio-video-content-premium/includes/classes/class.ywcfav-frontend-premium.php en la línea 45

2021-07-08T19:53:06+00:00 CRITICAL Uncaught Error: Call to a member function get_image_id() on null in /var/www/html/Loix/wp-content/plugins/yith-woocommerce-featured-audio-video-content-premium/includes/classes/class.ywcfav-frontend-premium.php:45
Stack trace:
#0 /var/www/html/Loix/wp-includes/class-wp-hook.php(287): YITH_Featured_Audio_Video_Frontend_Premium->get_video_audio_content('    <div class=...', 0)
#1 /var/www/html/Loix/wp-includes/plugin.php(206): WP_Hook->apply_filters('    <div class=...', Array)
#2 /var/www/html/Loix/wp-content/plugins/woo-variation-gallery/includes/slider-template-js.php(22): apply_filters('woocommerce_sin...', '    <div class=...', 0)
#3 /var/www/html/Loix/wp-content/plugins/woo-variation-gallery/woo-variation-gallery.php(445): require_once('/var/www/html/L...')
#4 /var/www/html/Loix/wp-includes/class-wp-hook.php(287): Woo_Variation_Gallery->slider_template_js('')
#5 /var/www/html/Loix/wp-includes/class-wp-hook.php(311): WP_Hook->apply_filters(NULL, Array)
#6 /var/www/html/Loix/wp-includes/plugin.php(478): WP_ en /var/www/html/Loix/wp-content/plugins/yith-woocommerce-featured-audio-video-content-premium/includes/classes/class.ywcfav-frontend-premium.php en la línea 45

2021-07-08T19:53:12+00:00 CRITICAL Uncaught Error: Call to a member function get_image_id() on null in /var/www/html/Loix/wp-content/plugins/yith-woocommerce-featured-audio-video-content-premium/includes/classes/class.ywcfav-frontend-premium.php:45
Stack trace:
#0 /var/www/html/Loix/wp-includes/class-wp-hook.php(287): YITH_Featured_Audio_Video_Frontend_Premium->get_video_audio_content('    <div class=...', 0)
#1 /var/www/html/Loix/wp-includes/plugin.php(206): WP_Hook->apply_filters('    <div class=...', Array)
#2 /var/www/html/Loix/wp-content/plugins/woo-variation-gallery/includes/slider-template-js.php(22): apply_filters('woocommerce_sin...', '    <div class=...', 0)
#3 /var/www/html/Loix/wp-content/plugins/woo-variation-gallery/woo-variation-gallery.php(445): require_once('/var/www/html/L...')
#4 /var/www/html/Loix/wp-includes/class-wp-hook.php(287): Woo_Variation_Gallery->slider_template_js('')
#5 /var/www/html/Loix/wp-includes/class-wp-hook.php(311): WP_Hook->apply_filters(NULL, Array)
#6 /var/www/html/Loix/wp-includes/plugin.php(478): WP_ en /var/www/html/Loix/wp-content/plugins/yith-woocommerce-featured-audio-video-content-premium/includes/classes/class.ywcfav-frontend-premium.php en la línea 45

2021-07-08T19:53:13+00:00 CRITICAL Uncaught Error: Call to a member function get_image_id() on null in /var/www/html/Loix/wp-content/plugins/yith-woocommerce-featured-audio-video-content-premium/includes/classes/class.ywcfav-frontend-premium.php:45
Stack trace:
#0 /var/www/html/Loix/wp-includes/class-wp-hook.php(287): YITH_Featured_Audio_Video_Frontend_Premium->get_video_audio_content('    <div class=...', 0)
#1 /var/www/html/Loix/wp-includes/plugin.php(206): WP_Hook->apply_filters('    <div class=...', Array)
#2 /var/www/html/Loix/wp-content/plugins/woo-variation-gallery/includes/slider-template-js.php(22): apply_filters('woocommerce_sin...', '    <div class=...', 0)
#3 /var/www/html/Loix/wp-content/plugins/woo-variation-gallery/woo-variation-gallery.php(445): require_once('/var/www/html/L...')
#4 /var/www/html/Loix/wp-includes/class-wp-hook.php(287): Woo_Variation_Gallery->slider_template_js('')
#5 /var/www/html/Loix/wp-includes/class-wp-hook.php(311): WP_Hook->apply_filters(NULL, Array)
#6 /var/www/html/Loix/wp-includes/plugin.php(478): WP_ en /var/www/html/Loix/wp-content/plugins/yith-woocommerce-featured-audio-video-content-premium/includes/classes/class.ywcfav-frontend-premium.php en la línea 45

2021-07-08T19:53:25+00:00 CRITICAL Uncaught Error: Call to a member function get_image_id() on null in /var/www/html/Loix/wp-content/plugins/yith-woocommerce-featured-audio-video-content-premium/includes/classes/class.ywcfav-frontend-premium.php:45
Stack trace:
#0 /var/www/html/Loix/wp-includes/class-wp-hook.php(287): YITH_Featured_Audio_Video_Frontend_Premium->get_video_audio_content('    <div class=...', 0)
#1 /var/www/html/Loix/wp-includes/plugin.php(206): WP_Hook->apply_filters('    <div class=...', Array)
#2 /var/www/html/Loix/wp-content/plugins/woo-variation-gallery/includes/slider-template-js.php(22): apply_filters('woocommerce_sin...', '    <div class=...', 0)
#3 /var/www/html/Loix/wp-content/plugins/woo-variation-gallery/woo-variation-gallery.php(445): require_once('/var/www/html/L...')
#4 /var/www/html/Loix/wp-includes/class-wp-hook.php(287): Woo_Variation_Gallery->slider_template_js('')
#5 /var/www/html/Loix/wp-includes/class-wp-hook.php(311): WP_Hook->apply_filters(NULL, Array)
#6 /var/www/html/Loix/wp-includes/plugin.php(478): WP_ en /var/www/html/Loix/wp-content/plugins/yith-woocommerce-featured-audio-video-content-premium/includes/classes/class.ywcfav-frontend-premium.php en la línea 45

2021-07-08T19:53:26+00:00 CRITICAL Uncaught Error: Call to a member function get_image_id() on null in /var/www/html/Loix/wp-content/plugins/yith-woocommerce-featured-audio-video-content-premium/includes/classes/class.ywcfav-frontend-premium.php:45
Stack trace:
#0 /var/www/html/Loix/wp-includes/class-wp-hook.php(287): YITH_Featured_Audio_Video_Frontend_Premium->get_video_audio_content('    <div class=...', 0)
#1 /var/www/html/Loix/wp-includes/plugin.php(206): WP_Hook->apply_filters('    <div class=...', Array)
#2 /var/www/html/Loix/wp-content/plugins/woo-variation-gallery/includes/slider-template-js.php(22): apply_filters('woocommerce_sin...', '    <div class=...', 0)
#3 /var/www/html/Loix/wp-content/plugins/woo-variation-gallery/woo-variation-gallery.php(445): require_once('/var/www/html/L...')
#4 /var/www/html/Loix/wp-includes/class-wp-hook.php(287): Woo_Variation_Gallery->slider_template_js('')
#5 /var/www/html/Loix/wp-includes/class-wp-hook.php(311): WP_Hook->apply_filters(NULL, Array)
#6 /var/www/html/Loix/wp-includes/plugin.php(478): WP_ en /var/www/html/Loix/wp-content/plugins/yith-woocommerce-featured-audio-video-content-premium/includes/classes/class.ywcfav-frontend-premium.php en la línea 45

2021-07-08T19:55:26+00:00 CRITICAL Uncaught Error: Call to a member function get_image_id() on null in /var/www/html/Loix/wp-content/plugins/yith-woocommerce-featured-audio-video-content-premium/includes/classes/class.ywcfav-frontend-premium.php:45
Stack trace:
#0 /var/www/html/Loix/wp-includes/class-wp-hook.php(287): YITH_Featured_Audio_Video_Frontend_Premium->get_video_audio_content('    <div class=...', 0)
#1 /var/www/html/Loix/wp-includes/plugin.php(206): WP_Hook->apply_filters('    <div class=...', Array)
#2 /var/www/html/Loix/wp-content/plugins/woo-variation-gallery/includes/slider-template-js.php(22): apply_filters('woocommerce_sin...', '    <div class=...', 0)
#3 /var/www/html/Loix/wp-content/plugins/woo-variation-gallery/woo-variation-gallery.php(445): require_once('/var/www/html/L...')
#4 /var/www/html/Loix/wp-includes/class-wp-hook.php(287): Woo_Variation_Gallery->slider_template_js('')
#5 /var/www/html/Loix/wp-includes/class-wp-hook.php(311): WP_Hook->apply_filters(NULL, Array)
#6 /var/www/html/Loix/wp-includes/plugin.php(478): WP_ en /var/www/html/Loix/wp-content/plugins/yith-woocommerce-featured-audio-video-content-premium/includes/classes/class.ywcfav-frontend-premium.php en la línea 45

2021-07-08T19:55:27+00:00 CRITICAL Uncaught Error: Call to a member function get_image_id() on null in /var/www/html/Loix/wp-content/plugins/yith-woocommerce-featured-audio-video-content-premium/includes/classes/class.ywcfav-frontend-premium.php:45
Stack trace:
#0 /var/www/html/Loix/wp-includes/class-wp-hook.php(287): YITH_Featured_Audio_Video_Frontend_Premium->get_video_audio_content('    <div class=...', 0)
#1 /var/www/html/Loix/wp-includes/plugin.php(206): WP_Hook->apply_filters('    <div class=...', Array)
#2 /var/www/html/Loix/wp-content/plugins/woo-variation-gallery/includes/slider-template-js.php(22): apply_filters('woocommerce_sin...', '    <div class=...', 0)
#3 /var/www/html/Loix/wp-content/plugins/woo-variation-gallery/woo-variation-gallery.php(445): require_once('/var/www/html/L...')
#4 /var/www/html/Loix/wp-includes/class-wp-hook.php(287): Woo_Variation_Gallery->slider_template_js('')
#5 /var/www/html/Loix/wp-includes/class-wp-hook.php(311): WP_Hook->apply_filters(NULL, Array)
#6 /var/www/html/Loix/wp-includes/plugin.php(478): WP_ en /var/www/html/Loix/wp-content/plugins/yith-woocommerce-featured-audio-video-content-premium/includes/classes/class.ywcfav-frontend-premium.php en la línea 45

2021-07-08T19:55:48+00:00 CRITICAL Uncaught Error: Call to a member function get_image_id() on null in /var/www/html/Loix/wp-content/plugins/yith-woocommerce-featured-audio-video-content-premium/includes/classes/class.ywcfav-frontend-premium.php:45
Stack trace:
#0 /var/www/html/Loix/wp-includes/class-wp-hook.php(287): YITH_Featured_Audio_Video_Frontend_Premium->get_video_audio_content('    <div class=...', 0)
#1 /var/www/html/Loix/wp-includes/plugin.php(206): WP_Hook->apply_filters('    <div class=...', Array)
#2 /var/www/html/Loix/wp-content/plugins/woo-variation-gallery/includes/slider-template-js.php(22): apply_filters('woocommerce_sin...', '    <div class=...', 0)
#3 /var/www/html/Loix/wp-content/plugins/woo-variation-gallery/woo-variation-gallery.php(445): require_once('/var/www/html/L...')
#4 /var/www/html/Loix/wp-includes/class-wp-hook.php(287): Woo_Variation_Gallery->slider_template_js('')
#5 /var/www/html/Loix/wp-includes/class-wp-hook.php(311): WP_Hook->apply_filters(NULL, Array)
#6 /var/www/html/Loix/wp-includes/plugin.php(478): WP_ en /var/www/html/Loix/wp-content/plugins/yith-woocommerce-featured-audio-video-content-premium/includes/classes/class.ywcfav-frontend-premium.php en la línea 45

2021-07-08T19:55:49+00:00 CRITICAL Uncaught Error: Call to a member function get_image_id() on null in /var/www/html/Loix/wp-content/plugins/yith-woocommerce-featured-audio-video-content-premium/includes/classes/class.ywcfav-frontend-premium.php:45
Stack trace:
#0 /var/www/html/Loix/wp-includes/class-wp-hook.php(287): YITH_Featured_Audio_Video_Frontend_Premium->get_video_audio_content('    <div class=...', 0)
#1 /var/www/html/Loix/wp-includes/plugin.php(206): WP_Hook->apply_filters('    <div class=...', Array)
#2 /var/www/html/Loix/wp-content/plugins/woo-variation-gallery/includes/slider-template-js.php(22): apply_filters('woocommerce_sin...', '    <div class=...', 0)
#3 /var/www/html/Loix/wp-content/plugins/woo-variation-gallery/woo-variation-gallery.php(445): require_once('/var/www/html/L...')
#4 /var/www/html/Loix/wp-includes/class-wp-hook.php(287): Woo_Variation_Gallery->slider_template_js('')
#5 /var/www/html/Loix/wp-includes/class-wp-hook.php(311): WP_Hook->apply_filters(NULL, Array)
#6 /var/www/html/Loix/wp-includes/plugin.php(478): WP_ en /var/www/html/Loix/wp-content/plugins/yith-woocommerce-featured-audio-video-content-premium/includes/classes/class.ywcfav-frontend-premium.php en la línea 45

2021-07-08T20:06:56+00:00 CRITICAL Uncaught Error: Call to a member function get_image_id() on null in /var/www/html/Loix/wp-content/plugins/yith-woocommerce-featured-audio-video-content-premium/includes/classes/class.ywcfav-frontend-premium.php:45
Stack trace:
#0 /var/www/html/Loix/wp-includes/class-wp-hook.php(287): YITH_Featured_Audio_Video_Frontend_Premium->get_video_audio_content('    <div class=...', 0)
#1 /var/www/html/Loix/wp-includes/plugin.php(206): WP_Hook->apply_filters('    <div class=...', Array)
#2 /var/www/html/Loix/wp-content/plugins/woo-variation-gallery/includes/slider-template-js.php(22): apply_filters('woocommerce_sin...', '    <div class=...', 0)
#3 /var/www/html/Loix/wp-content/plugins/woo-variation-gallery/woo-variation-gallery.php(445): require_once('/var/www/html/L...')
#4 /var/www/html/Loix/wp-includes/class-wp-hook.php(287): Woo_Variation_Gallery->slider_template_js('')
#5 /var/www/html/Loix/wp-includes/class-wp-hook.php(311): WP_Hook->apply_filters(NULL, Array)
#6 /var/www/html/Loix/wp-includes/plugin.php(478): WP_ en /var/www/html/Loix/wp-content/plugins/yith-woocommerce-featured-audio-video-content-premium/includes/classes/class.ywcfav-frontend-premium.php en la línea 45

2021-07-08T20:07:01+00:00 CRITICAL Uncaught Error: Call to a member function get_image_id() on null in /var/www/html/Loix/wp-content/plugins/yith-woocommerce-featured-audio-video-content-premium/includes/classes/class.ywcfav-frontend-premium.php:45
Stack trace:
#0 /var/www/html/Loix/wp-includes/class-wp-hook.php(287): YITH_Featured_Audio_Video_Frontend_Premium->get_video_audio_content('    <div class=...', 0)
#1 /var/www/html/Loix/wp-includes/plugin.php(206): WP_Hook->apply_filters('    <div class=...', Array)
#2 /var/www/html/Loix/wp-content/plugins/woo-variation-gallery/includes/slider-template-js.php(22): apply_filters('woocommerce_sin...', '    <div class=...', 0)
#3 /var/www/html/Loix/wp-content/plugins/woo-variation-gallery/woo-variation-gallery.php(445): require_once('/var/www/html/L...')
#4 /var/www/html/Loix/wp-includes/class-wp-hook.php(287): Woo_Variation_Gallery->slider_template_js('')
#5 /var/www/html/Loix/wp-includes/class-wp-hook.php(311): WP_Hook->apply_filters(NULL, Array)
#6 /var/www/html/Loix/wp-includes/plugin.php(478): WP_ en /var/www/html/Loix/wp-content/plugins/yith-woocommerce-featured-audio-video-content-premium/includes/classes/class.ywcfav-frontend-premium.php en la línea 45

2021-07-08T20:07:03+00:00 CRITICAL Uncaught Error: Call to a member function get_image_id() on null in /var/www/html/Loix/wp-content/plugins/yith-woocommerce-featured-audio-video-content-premium/includes/classes/class.ywcfav-frontend-premium.php:45
Stack trace:
#0 /var/www/html/Loix/wp-includes/class-wp-hook.php(287): YITH_Featured_Audio_Video_Frontend_Premium->get_video_audio_content('    <div class=...', 0)
#1 /var/www/html/Loix/wp-includes/plugin.php(206): WP_Hook->apply_filters('    <div class=...', Array)
#2 /var/www/html/Loix/wp-content/plugins/woo-variation-gallery/includes/slider-template-js.php(22): apply_filters('woocommerce_sin...', '    <div class=...', 0)
#3 /var/www/html/Loix/wp-content/plugins/woo-variation-gallery/woo-variation-gallery.php(445): require_once('/var/www/html/L...')
#4 /var/www/html/Loix/wp-includes/class-wp-hook.php(287): Woo_Variation_Gallery->slider_template_js('')
#5 /var/www/html/Loix/wp-includes/class-wp-hook.php(311): WP_Hook->apply_filters(NULL, Array)
#6 /var/www/html/Loix/wp-includes/plugin.php(478): WP_ en /var/www/html/Loix/wp-content/plugins/yith-woocommerce-featured-audio-video-content-premium/includes/classes/class.ywcfav-frontend-premium.php en la línea 45

2021-07-08T20:08:44+00:00 CRITICAL Uncaught Error: Call to a member function get_image_id() on null in /var/www/html/Loix/wp-content/plugins/yith-woocommerce-featured-audio-video-content-premium/includes/classes/class.ywcfav-frontend-premium.php:45
Stack trace:
#0 /var/www/html/Loix/wp-includes/class-wp-hook.php(287): YITH_Featured_Audio_Video_Frontend_Premium->get_video_audio_content('    <div class=...', 0)
#1 /var/www/html/Loix/wp-includes/plugin.php(206): WP_Hook->apply_filters('    <div class=...', Array)
#2 /var/www/html/Loix/wp-content/plugins/woo-variation-gallery/includes/slider-template-js.php(22): apply_filters('woocommerce_sin...', '    <div class=...', 0)
#3 /var/www/html/Loix/wp-content/plugins/woo-variation-gallery/woo-variation-gallery.php(445): require_once('/var/www/html/L...')
#4 /var/www/html/Loix/wp-includes/class-wp-hook.php(287): Woo_Variation_Gallery->slider_template_js('')
#5 /var/www/html/Loix/wp-includes/class-wp-hook.php(311): WP_Hook->apply_filters(NULL, Array)
#6 /var/www/html/Loix/wp-includes/plugin.php(478): WP_ en /var/www/html/Loix/wp-content/plugins/yith-woocommerce-featured-audio-video-content-premium/includes/classes/class.ywcfav-frontend-premium.php en la línea 45

2021-07-08T20:08:46+00:00 CRITICAL Uncaught Error: Call to a member function get_image_id() on null in /var/www/html/Loix/wp-content/plugins/yith-woocommerce-featured-audio-video-content-premium/includes/classes/class.ywcfav-frontend-premium.php:45
Stack trace:
#0 /var/www/html/Loix/wp-includes/class-wp-hook.php(287): YITH_Featured_Audio_Video_Frontend_Premium->get_video_audio_content('    <div class=...', 0)
#1 /var/www/html/Loix/wp-includes/plugin.php(206): WP_Hook->apply_filters('    <div class=...', Array)
#2 /var/www/html/Loix/wp-content/plugins/woo-variation-gallery/includes/slider-template-js.php(22): apply_filters('woocommerce_sin...', '    <div class=...', 0)
#3 /var/www/html/Loix/wp-content/plugins/woo-variation-gallery/woo-variation-gallery.php(445): require_once('/var/www/html/L...')
#4 /var/www/html/Loix/wp-includes/class-wp-hook.php(287): Woo_Variation_Gallery->slider_template_js('')
#5 /var/www/html/Loix/wp-includes/class-wp-hook.php(311): WP_Hook->apply_filters(NULL, Array)
#6 /var/www/html/Loix/wp-includes/plugin.php(478): WP_ en /var/www/html/Loix/wp-content/plugins/yith-woocommerce-featured-audio-video-content-premium/includes/classes/class.ywcfav-frontend-premium.php en la línea 45

2021-07-08T20:13:04+00:00 CRITICAL Uncaught Error: Call to a member function get_image_id() on null in /var/www/html/Loix/wp-content/plugins/yith-woocommerce-featured-audio-video-content-premium/includes/classes/class.ywcfav-frontend-premium.php:45
Stack trace:
#0 /var/www/html/Loix/wp-includes/class-wp-hook.php(287): YITH_Featured_Audio_Video_Frontend_Premium->get_video_audio_content('    <div class=...', 0)
#1 /var/www/html/Loix/wp-includes/plugin.php(206): WP_Hook->apply_filters('    <div class=...', Array)
#2 /var/www/html/Loix/wp-content/plugins/woo-variation-gallery/includes/slider-template-js.php(22): apply_filters('woocommerce_sin...', '    <div class=...', 0)
#3 /var/www/html/Loix/wp-content/plugins/woo-variation-gallery/woo-variation-gallery.php(445): require_once('/var/www/html/L...')
#4 /var/www/html/Loix/wp-includes/class-wp-hook.php(287): Woo_Variation_Gallery->slider_template_js('')
#5 /var/www/html/Loix/wp-includes/class-wp-hook.php(311): WP_Hook->apply_filters(NULL, Array)
#6 /var/www/html/Loix/wp-includes/plugin.php(478): WP_ en /var/www/html/Loix/wp-content/plugins/yith-woocommerce-featured-audio-video-content-premium/includes/classes/class.ywcfav-frontend-premium.php en la línea 45

2021-07-08T20:13:09+00:00 CRITICAL Uncaught Error: Call to a member function get_image_id() on null in /var/www/html/Loix/wp-content/plugins/yith-woocommerce-featured-audio-video-content-premium/includes/classes/class.ywcfav-frontend-premium.php:45
Stack trace:
#0 /var/www/html/Loix/wp-includes/class-wp-hook.php(287): YITH_Featured_Audio_Video_Frontend_Premium->get_video_audio_content('    <div class=...', 0)
#1 /var/www/html/Loix/wp-includes/plugin.php(206): WP_Hook->apply_filters('    <div class=...', Array)
#2 /var/www/html/Loix/wp-content/plugins/woo-variation-gallery/includes/slider-template-js.php(22): apply_filters('woocommerce_sin...', '    <div class=...', 0)
#3 /var/www/html/Loix/wp-content/plugins/woo-variation-gallery/woo-variation-gallery.php(445): require_once('/var/www/html/L...')
#4 /var/www/html/Loix/wp-includes/class-wp-hook.php(287): Woo_Variation_Gallery->slider_template_js('')
#5 /var/www/html/Loix/wp-includes/class-wp-hook.php(311): WP_Hook->apply_filters(NULL, Array)
#6 /var/www/html/Loix/wp-includes/plugin.php(478): WP_ en /var/www/html/Loix/wp-content/plugins/yith-woocommerce-featured-audio-video-content-premium/includes/classes/class.ywcfav-frontend-premium.php en la línea 45

2021-07-08T20:13:27+00:00 CRITICAL Uncaught Error: Call to a member function get_image_id() on null in /var/www/html/Loix/wp-content/plugins/yith-woocommerce-featured-audio-video-content-premium/includes/classes/class.ywcfav-frontend-premium.php:45
Stack trace:
#0 /var/www/html/Loix/wp-includes/class-wp-hook.php(287): YITH_Featured_Audio_Video_Frontend_Premium->get_video_audio_content('    <div class=...', 0)
#1 /var/www/html/Loix/wp-includes/plugin.php(206): WP_Hook->apply_filters('    <div class=...', Array)
#2 /var/www/html/Loix/wp-content/plugins/woo-variation-gallery/includes/slider-template-js.php(22): apply_filters('woocommerce_sin...', '    <div class=...', 0)
#3 /var/www/html/Loix/wp-content/plugins/woo-variation-gallery/woo-variation-gallery.php(445): require_once('/var/www/html/L...')
#4 /var/www/html/Loix/wp-includes/class-wp-hook.php(287): Woo_Variation_Gallery->slider_template_js('')
#5 /var/www/html/Loix/wp-includes/class-wp-hook.php(311): WP_Hook->apply_filters(NULL, Array)
#6 /var/www/html/Loix/wp-includes/plugin.php(478): WP_ en /var/www/html/Loix/wp-content/plugins/yith-woocommerce-featured-audio-video-content-premium/includes/classes/class.ywcfav-frontend-premium.php en la línea 45

2021-07-08T20:15:18+00:00 CRITICAL Uncaught Error: Call to a member function get_image_id() on null in /var/www/html/Loix/wp-content/plugins/yith-woocommerce-featured-audio-video-content-premium/includes/classes/class.ywcfav-frontend-premium.php:45
Stack trace:
#0 /var/www/html/Loix/wp-includes/class-wp-hook.php(287): YITH_Featured_Audio_Video_Frontend_Premium->get_video_audio_content('    <div class=...', 0)
#1 /var/www/html/Loix/wp-includes/plugin.php(206): WP_Hook->apply_filters('    <div class=...', Array)
#2 /var/www/html/Loix/wp-content/plugins/woo-variation-gallery/includes/slider-template-js.php(22): apply_filters('woocommerce_sin...', '    <div class=...', 0)
#3 /var/www/html/Loix/wp-content/plugins/woo-variation-gallery/woo-variation-gallery.php(445): require_once('/var/www/html/L...')
#4 /var/www/html/Loix/wp-includes/class-wp-hook.php(287): Woo_Variation_Gallery->slider_template_js('')
#5 /var/www/html/Loix/wp-includes/class-wp-hook.php(311): WP_Hook->apply_filters(NULL, Array)
#6 /var/www/html/Loix/wp-includes/plugin.php(478): WP_ en /var/www/html/Loix/wp-content/plugins/yith-woocommerce-featured-audio-video-content-premium/includes/classes/class.ywcfav-frontend-premium.php en la línea 45

2021-07-08T20:15:19+00:00 CRITICAL Uncaught Error: Call to a member function get_image_id() on null in /var/www/html/Loix/wp-content/plugins/yith-woocommerce-featured-audio-video-content-premium/includes/classes/class.ywcfav-frontend-premium.php:45
Stack trace:
#0 /var/www/html/Loix/wp-includes/class-wp-hook.php(287): YITH_Featured_Audio_Video_Frontend_Premium->get_video_audio_content('    <div class=...', 0)
#1 /var/www/html/Loix/wp-includes/plugin.php(206): WP_Hook->apply_filters('    <div class=...', Array)
#2 /var/www/html/Loix/wp-content/plugins/woo-variation-gallery/includes/slider-template-js.php(22): apply_filters('woocommerce_sin...', '    <div class=...', 0)
#3 /var/www/html/Loix/wp-content/plugins/woo-variation-gallery/woo-variation-gallery.php(445): require_once('/var/www/html/L...')
#4 /var/www/html/Loix/wp-includes/class-wp-hook.php(287): Woo_Variation_Gallery->slider_template_js('')
#5 /var/www/html/Loix/wp-includes/class-wp-hook.php(311): WP_Hook->apply_filters(NULL, Array)
#6 /var/www/html/Loix/wp-includes/plugin.php(478): WP_ en /var/www/html/Loix/wp-content/plugins/yith-woocommerce-featured-audio-video-content-premium/includes/classes/class.ywcfav-frontend-premium.php en la línea 45

2021-07-08T20:15:27+00:00 CRITICAL Uncaught Error: Call to a member function get_image_id() on null in /var/www/html/Loix/wp-content/plugins/yith-woocommerce-featured-audio-video-content-premium/includes/classes/class.ywcfav-frontend-premium.php:45
Stack trace:
#0 /var/www/html/Loix/wp-includes/class-wp-hook.php(287): YITH_Featured_Audio_Video_Frontend_Premium->get_video_audio_content('    <div class=...', 0)
#1 /var/www/html/Loix/wp-includes/plugin.php(206): WP_Hook->apply_filters('    <div class=...', Array)
#2 /var/www/html/Loix/wp-content/plugins/woo-variation-gallery/includes/slider-template-js.php(22): apply_filters('woocommerce_sin...', '    <div class=...', 0)
#3 /var/www/html/Loix/wp-content/plugins/woo-variation-gallery/woo-variation-gallery.php(445): require_once('/var/www/html/L...')
#4 /var/www/html/Loix/wp-includes/class-wp-hook.php(287): Woo_Variation_Gallery->slider_template_js('')
#5 /var/www/html/Loix/wp-includes/class-wp-hook.php(311): WP_Hook->apply_filters(NULL, Array)
#6 /var/www/html/Loix/wp-includes/plugin.php(478): WP_ en /var/www/html/Loix/wp-content/plugins/yith-woocommerce-featured-audio-video-content-premium/includes/classes/class.ywcfav-frontend-premium.php en la línea 45

2021-07-08T20:15:29+00:00 CRITICAL Uncaught Error: Call to a member function get_image_id() on null in /var/www/html/Loix/wp-content/plugins/yith-woocommerce-featured-audio-video-content-premium/includes/classes/class.ywcfav-frontend-premium.php:45
Stack trace:
#0 /var/www/html/Loix/wp-includes/class-wp-hook.php(287): YITH_Featured_Audio_Video_Frontend_Premium->get_video_audio_content('    <div class=...', 0)
#1 /var/www/html/Loix/wp-includes/plugin.php(206): WP_Hook->apply_filters('    <div class=...', Array)
#2 /var/www/html/Loix/wp-content/plugins/woo-variation-gallery/includes/slider-template-js.php(22): apply_filters('woocommerce_sin...', '    <div class=...', 0)
#3 /var/www/html/Loix/wp-content/plugins/woo-variation-gallery/woo-variation-gallery.php(445): require_once('/var/www/html/L...')
#4 /var/www/html/Loix/wp-includes/class-wp-hook.php(287): Woo_Variation_Gallery->slider_template_js('')
#5 /var/www/html/Loix/wp-includes/class-wp-hook.php(311): WP_Hook->apply_filters(NULL, Array)
#6 /var/www/html/Loix/wp-includes/plugin.php(478): WP_ en /var/www/html/Loix/wp-content/plugins/yith-woocommerce-featured-audio-video-content-premium/includes/classes/class.ywcfav-frontend-premium.php en la línea 45

2021-07-08T20:15:54+00:00 CRITICAL Uncaught Error: Call to a member function get_image_id() on null in /var/www/html/Loix/wp-content/plugins/yith-woocommerce-featured-audio-video-content-premium/includes/classes/class.ywcfav-frontend-premium.php:45
Stack trace:
#0 /var/www/html/Loix/wp-includes/class-wp-hook.php(287): YITH_Featured_Audio_Video_Frontend_Premium->get_video_audio_content('    <div class=...', 0)
#1 /var/www/html/Loix/wp-includes/plugin.php(206): WP_Hook->apply_filters('    <div class=...', Array)
#2 /var/www/html/Loix/wp-content/plugins/woo-variation-gallery/includes/slider-template-js.php(22): apply_filters('woocommerce_sin...', '    <div class=...', 0)
#3 /var/www/html/Loix/wp-content/plugins/woo-variation-gallery/woo-variation-gallery.php(445): require_once('/var/www/html/L...')
#4 /var/www/html/Loix/wp-includes/class-wp-hook.php(287): Woo_Variation_Gallery->slider_template_js('')
#5 /var/www/html/Loix/wp-includes/class-wp-hook.php(311): WP_Hook->apply_filters(NULL, Array)
#6 /var/www/html/Loix/wp-includes/plugin.php(478): WP_ en /var/www/html/Loix/wp-content/plugins/yith-woocommerce-featured-audio-video-content-premium/includes/classes/class.ywcfav-frontend-premium.php en la línea 45

2021-07-08T20:15:56+00:00 CRITICAL Uncaught Error: Call to a member function get_image_id() on null in /var/www/html/Loix/wp-content/plugins/yith-woocommerce-featured-audio-video-content-premium/includes/classes/class.ywcfav-frontend-premium.php:45
Stack trace:
#0 /var/www/html/Loix/wp-includes/class-wp-hook.php(287): YITH_Featured_Audio_Video_Frontend_Premium->get_video_audio_content('    <div class=...', 0)
#1 /var/www/html/Loix/wp-includes/plugin.php(206): WP_Hook->apply_filters('    <div class=...', Array)
#2 /var/www/html/Loix/wp-content/plugins/woo-variation-gallery/includes/slider-template-js.php(22): apply_filters('woocommerce_sin...', '    <div class=...', 0)
#3 /var/www/html/Loix/wp-content/plugins/woo-variation-gallery/woo-variation-gallery.php(445): require_once('/var/www/html/L...')
#4 /var/www/html/Loix/wp-includes/class-wp-hook.php(287): Woo_Variation_Gallery->slider_template_js('')
#5 /var/www/html/Loix/wp-includes/class-wp-hook.php(311): WP_Hook->apply_filters(NULL, Array)
#6 /var/www/html/Loix/wp-includes/plugin.php(478): WP_ en /var/www/html/Loix/wp-content/plugins/yith-woocommerce-featured-audio-video-content-premium/includes/classes/class.ywcfav-frontend-premium.php en la línea 45

2021-07-08T20:16:06+00:00 CRITICAL Uncaught Error: Call to a member function get_image_id() on null in /var/www/html/Loix/wp-content/plugins/yith-woocommerce-featured-audio-video-content-premium/includes/classes/class.ywcfav-frontend-premium.php:45
Stack trace:
#0 /var/www/html/Loix/wp-includes/class-wp-hook.php(287): YITH_Featured_Audio_Video_Frontend_Premium->get_video_audio_content('    <div class=...', 0)
#1 /var/www/html/Loix/wp-includes/plugin.php(206): WP_Hook->apply_filters('    <div class=...', Array)
#2 /var/www/html/Loix/wp-content/plugins/woo-variation-gallery/includes/slider-template-js.php(22): apply_filters('woocommerce_sin...', '    <div class=...', 0)
#3 /var/www/html/Loix/wp-content/plugins/woo-variation-gallery/woo-variation-gallery.php(445): require_once('/var/www/html/L...')
#4 /var/www/html/Loix/wp-includes/class-wp-hook.php(287): Woo_Variation_Gallery->slider_template_js('')
#5 /var/www/html/Loix/wp-includes/class-wp-hook.php(311): WP_Hook->apply_filters(NULL, Array)
#6 /var/www/html/Loix/wp-includes/plugin.php(478): WP_ en /var/www/html/Loix/wp-content/plugins/yith-woocommerce-featured-audio-video-content-premium/includes/classes/class.ywcfav-frontend-premium.php en la línea 45

2021-07-08T20:16:08+00:00 CRITICAL Uncaught Error: Call to a member function get_image_id() on null in /var/www/html/Loix/wp-content/plugins/yith-woocommerce-featured-audio-video-content-premium/includes/classes/class.ywcfav-frontend-premium.php:45
Stack trace:
#0 /var/www/html/Loix/wp-includes/class-wp-hook.php(287): YITH_Featured_Audio_Video_Frontend_Premium->get_video_audio_content('    <div class=...', 0)
#1 /var/www/html/Loix/wp-includes/plugin.php(206): WP_Hook->apply_filters('    <div class=...', Array)
#2 /var/www/html/Loix/wp-content/plugins/woo-variation-gallery/includes/slider-template-js.php(22): apply_filters('woocommerce_sin...', '    <div class=...', 0)
#3 /var/www/html/Loix/wp-content/plugins/woo-variation-gallery/woo-variation-gallery.php(445): require_once('/var/www/html/L...')
#4 /var/www/html/Loix/wp-includes/class-wp-hook.php(287): Woo_Variation_Gallery->slider_template_js('')
#5 /var/www/html/Loix/wp-includes/class-wp-hook.php(311): WP_Hook->apply_filters(NULL, Array)
#6 /var/www/html/Loix/wp-includes/plugin.php(478): WP_ en /var/www/html/Loix/wp-content/plugins/yith-woocommerce-featured-audio-video-content-premium/includes/classes/class.ywcfav-frontend-premium.php en la línea 45

2021-07-08T20:17:14+00:00 CRITICAL Uncaught Error: Call to a member function get_image_id() on null in /var/www/html/Loix/wp-content/plugins/yith-woocommerce-featured-audio-video-content-premium/includes/classes/class.ywcfav-frontend-premium.php:45
Stack trace:
#0 /var/www/html/Loix/wp-includes/class-wp-hook.php(287): YITH_Featured_Audio_Video_Frontend_Premium->get_video_audio_content('    <div class=...', 0)
#1 /var/www/html/Loix/wp-includes/plugin.php(206): WP_Hook->apply_filters('    <div class=...', Array)
#2 /var/www/html/Loix/wp-content/plugins/woo-variation-gallery/includes/slider-template-js.php(22): apply_filters('woocommerce_sin...', '    <div class=...', 0)
#3 /var/www/html/Loix/wp-content/plugins/woo-variation-gallery/woo-variation-gallery.php(445): require_once('/var/www/html/L...')
#4 /var/www/html/Loix/wp-includes/class-wp-hook.php(287): Woo_Variation_Gallery->slider_template_js('')
#5 /var/www/html/Loix/wp-includes/class-wp-hook.php(311): WP_Hook->apply_filters(NULL, Array)
#6 /var/www/html/Loix/wp-includes/plugin.php(478): WP_ en /var/www/html/Loix/wp-content/plugins/yith-woocommerce-featured-audio-video-content-premium/includes/classes/class.ywcfav-frontend-premium.php en la línea 45

2021-07-08T20:17:15+00:00 CRITICAL Uncaught Error: Call to a member function get_image_id() on null in /var/www/html/Loix/wp-content/plugins/yith-woocommerce-featured-audio-video-content-premium/includes/classes/class.ywcfav-frontend-premium.php:45
Stack trace:
#0 /var/www/html/Loix/wp-includes/class-wp-hook.php(287): YITH_Featured_Audio_Video_Frontend_Premium->get_video_audio_content('    <div class=...', 0)
#1 /var/www/html/Loix/wp-includes/plugin.php(206): WP_Hook->apply_filters('    <div class=...', Array)
#2 /var/www/html/Loix/wp-content/plugins/woo-variation-gallery/includes/slider-template-js.php(22): apply_filters('woocommerce_sin...', '    <div class=...', 0)
#3 /var/www/html/Loix/wp-content/plugins/woo-variation-gallery/woo-variation-gallery.php(445): require_once('/var/www/html/L...')
#4 /var/www/html/Loix/wp-includes/class-wp-hook.php(287): Woo_Variation_Gallery->slider_template_js('')
#5 /var/www/html/Loix/wp-includes/class-wp-hook.php(311): WP_Hook->apply_filters(NULL, Array)
#6 /var/www/html/Loix/wp-includes/plugin.php(478): WP_ en /var/www/html/Loix/wp-content/plugins/yith-woocommerce-featured-audio-video-content-premium/includes/classes/class.ywcfav-frontend-premium.php en la línea 45

2021-07-08T20:17:29+00:00 CRITICAL Uncaught Error: Call to a member function get_image_id() on null in /var/www/html/Loix/wp-content/plugins/yith-woocommerce-featured-audio-video-content-premium/includes/classes/class.ywcfav-frontend-premium.php:45
Stack trace:
#0 /var/www/html/Loix/wp-includes/class-wp-hook.php(287): YITH_Featured_Audio_Video_Frontend_Premium->get_video_audio_content('    <div class=...', 0)
#1 /var/www/html/Loix/wp-includes/plugin.php(206): WP_Hook->apply_filters('    <div class=...', Array)
#2 /var/www/html/Loix/wp-content/plugins/woo-variation-gallery/includes/slider-template-js.php(22): apply_filters('woocommerce_sin...', '    <div class=...', 0)
#3 /var/www/html/Loix/wp-content/plugins/woo-variation-gallery/woo-variation-gallery.php(445): require_once('/var/www/html/L...')
#4 /var/www/html/Loix/wp-includes/class-wp-hook.php(287): Woo_Variation_Gallery->slider_template_js('')
#5 /var/www/html/Loix/wp-includes/class-wp-hook.php(311): WP_Hook->apply_filters(NULL, Array)
#6 /var/www/html/Loix/wp-includes/plugin.php(478): WP_ en /var/www/html/Loix/wp-content/plugins/yith-woocommerce-featured-audio-video-content-premium/includes/classes/class.ywcfav-frontend-premium.php en la línea 45

2021-07-08T20:19:28+00:00 CRITICAL Uncaught Error: Call to a member function get_image_id() on null in /var/www/html/Loix/wp-content/plugins/yith-woocommerce-featured-audio-video-content-premium/includes/classes/class.ywcfav-frontend-premium.php:45
Stack trace:
#0 /var/www/html/Loix/wp-includes/class-wp-hook.php(287): YITH_Featured_Audio_Video_Frontend_Premium->get_video_audio_content('    <div class=...', 0)
#1 /var/www/html/Loix/wp-includes/plugin.php(206): WP_Hook->apply_filters('    <div class=...', Array)
#2 /var/www/html/Loix/wp-content/plugins/woo-variation-gallery/includes/slider-template-js.php(22): apply_filters('woocommerce_sin...', '    <div class=...', 0)
#3 /var/www/html/Loix/wp-content/plugins/woo-variation-gallery/woo-variation-gallery.php(445): require_once('/var/www/html/L...')
#4 /var/www/html/Loix/wp-includes/class-wp-hook.php(287): Woo_Variation_Gallery->slider_template_js('')
#5 /var/www/html/Loix/wp-includes/class-wp-hook.php(311): WP_Hook->apply_filters(NULL, Array)
#6 /var/www/html/Loix/wp-includes/plugin.php(478): WP_ en /var/www/html/Loix/wp-content/plugins/yith-woocommerce-featured-audio-video-content-premium/includes/classes/class.ywcfav-frontend-premium.php en la línea 45

2021-07-08T20:22:53+00:00 CRITICAL Uncaught Error: Call to a member function get_image_id() on null in /var/www/html/Loix/wp-content/plugins/yith-woocommerce-featured-audio-video-content-premium/includes/classes/class.ywcfav-frontend-premium.php:45
Stack trace:
#0 /var/www/html/Loix/wp-includes/class-wp-hook.php(287): YITH_Featured_Audio_Video_Frontend_Premium->get_video_audio_content('    <div class=...', 0)
#1 /var/www/html/Loix/wp-includes/plugin.php(206): WP_Hook->apply_filters('    <div class=...', Array)
#2 /var/www/html/Loix/wp-content/plugins/woo-variation-gallery/includes/slider-template-js.php(22): apply_filters('woocommerce_sin...', '    <div class=...', 0)
#3 /var/www/html/Loix/wp-content/plugins/woo-variation-gallery/woo-variation-gallery.php(445): require_once('/var/www/html/L...')
#4 /var/www/html/Loix/wp-includes/class-wp-hook.php(287): Woo_Variation_Gallery->slider_template_js('')
#5 /var/www/html/Loix/wp-includes/class-wp-hook.php(311): WP_Hook->apply_filters(NULL, Array)
#6 /var/www/html/Loix/wp-includes/plugin.php(478): WP_ en /var/www/html/Loix/wp-content/plugins/yith-woocommerce-featured-audio-video-content-premium/includes/classes/class.ywcfav-frontend-premium.php en la línea 45

2021-07-08T20:22:53+00:00 CRITICAL Uncaught Error: Call to a member function get_image_id() on null in /var/www/html/Loix/wp-content/plugins/yith-woocommerce-featured-audio-video-content-premium/includes/classes/class.ywcfav-frontend-premium.php:45
Stack trace:
#0 /var/www/html/Loix/wp-includes/class-wp-hook.php(287): YITH_Featured_Audio_Video_Frontend_Premium->get_video_audio_content('    <div class=...', 0)
#1 /var/www/html/Loix/wp-includes/plugin.php(206): WP_Hook->apply_filters('    <div class=...', Array)
#2 /var/www/html/Loix/wp-content/plugins/woo-variation-gallery/includes/slider-template-js.php(22): apply_filters('woocommerce_sin...', '    <div class=...', 0)
#3 /var/www/html/Loix/wp-content/plugins/woo-variation-gallery/woo-variation-gallery.php(445): require_once('/var/www/html/L...')
#4 /var/www/html/Loix/wp-includes/class-wp-hook.php(287): Woo_Variation_Gallery->slider_template_js('')
#5 /var/www/html/Loix/wp-includes/class-wp-hook.php(311): WP_Hook->apply_filters(NULL, Array)
#6 /var/www/html/Loix/wp-includes/plugin.php(478): WP_ en /var/www/html/Loix/wp-content/plugins/yith-woocommerce-featured-audio-video-content-premium/includes/classes/class.ywcfav-frontend-premium.php en la línea 45

2021-07-08T20:25:41+00:00 CRITICAL Uncaught Error: Call to a member function get_image_id() on null in /var/www/html/Loix/wp-content/plugins/yith-woocommerce-featured-audio-video-content-premium/includes/classes/class.ywcfav-frontend-premium.php:45
Stack trace:
#0 /var/www/html/Loix/wp-includes/class-wp-hook.php(287): YITH_Featured_Audio_Video_Frontend_Premium->get_video_audio_content('    <div class=...', 0)
#1 /var/www/html/Loix/wp-includes/plugin.php(206): WP_Hook->apply_filters('    <div class=...', Array)
#2 /var/www/html/Loix/wp-content/plugins/woo-variation-gallery/includes/slider-template-js.php(22): apply_filters('woocommerce_sin...', '    <div class=...', 0)
#3 /var/www/html/Loix/wp-content/plugins/woo-variation-gallery/woo-variation-gallery.php(445): require_once('/var/www/html/L...')
#4 /var/www/html/Loix/wp-includes/class-wp-hook.php(287): Woo_Variation_Gallery->slider_template_js('')
#5 /var/www/html/Loix/wp-includes/class-wp-hook.php(311): WP_Hook->apply_filters(NULL, Array)
#6 /var/www/html/Loix/wp-includes/plugin.php(478): WP_ en /var/www/html/Loix/wp-content/plugins/yith-woocommerce-featured-audio-video-content-premium/includes/classes/class.ywcfav-frontend-premium.php en la línea 45

2021-07-08T20:25:41+00:00 CRITICAL Uncaught Error: Call to a member function get_image_id() on null in /var/www/html/Loix/wp-content/plugins/yith-woocommerce-featured-audio-video-content-premium/includes/classes/class.ywcfav-frontend-premium.php:45
Stack trace:
#0 /var/www/html/Loix/wp-includes/class-wp-hook.php(287): YITH_Featured_Audio_Video_Frontend_Premium->get_video_audio_content('    <div class=...', 0)
#1 /var/www/html/Loix/wp-includes/plugin.php(206): WP_Hook->apply_filters('    <div class=...', Array)
#2 /var/www/html/Loix/wp-content/plugins/woo-variation-gallery/includes/slider-template-js.php(22): apply_filters('woocommerce_sin...', '    <div class=...', 0)
#3 /var/www/html/Loix/wp-content/plugins/woo-variation-gallery/woo-variation-gallery.php(445): require_once('/var/www/html/L...')
#4 /var/www/html/Loix/wp-includes/class-wp-hook.php(287): Woo_Variation_Gallery->slider_template_js('')
#5 /var/www/html/Loix/wp-includes/class-wp-hook.php(311): WP_Hook->apply_filters(NULL, Array)
#6 /var/www/html/Loix/wp-includes/plugin.php(478): WP_ en /var/www/html/Loix/wp-content/plugins/yith-woocommerce-featured-audio-video-content-premium/includes/classes/class.ywcfav-frontend-premium.php en la línea 45

2021-07-08T20:25:43+00:00 CRITICAL Uncaught Error: Call to a member function get_image_id() on null in /var/www/html/Loix/wp-content/plugins/yith-woocommerce-featured-audio-video-content-premium/includes/classes/class.ywcfav-frontend-premium.php:45
Stack trace:
#0 /var/www/html/Loix/wp-includes/class-wp-hook.php(287): YITH_Featured_Audio_Video_Frontend_Premium->get_video_audio_content('    <div class=...', 0)
#1 /var/www/html/Loix/wp-includes/plugin.php(206): WP_Hook->apply_filters('    <div class=...', Array)
#2 /var/www/html/Loix/wp-content/plugins/woo-variation-gallery/includes/slider-template-js.php(22): apply_filters('woocommerce_sin...', '    <div class=...', 0)
#3 /var/www/html/Loix/wp-content/plugins/woo-variation-gallery/woo-variation-gallery.php(445): require_once('/var/www/html/L...')
#4 /var/www/html/Loix/wp-includes/class-wp-hook.php(287): Woo_Variation_Gallery->slider_template_js('')
#5 /var/www/html/Loix/wp-includes/class-wp-hook.php(311): WP_Hook->apply_filters(NULL, Array)
#6 /var/www/html/Loix/wp-includes/plugin.php(478): WP_ en /var/www/html/Loix/wp-content/plugins/yith-woocommerce-featured-audio-video-content-premium/includes/classes/class.ywcfav-frontend-premium.php en la línea 45

