2020-12-03T02:45:15+00:00 CRITICAL syntax error, unexpected 'endwhile' (T_ENDWHILE), expecting end of file en /var/www/html/loix/wp-content/themes/loix/index.php en la línea 245

2020-12-03T03:38:55+00:00 CRITICAL Maximum execution time of 30 seconds exceeded en /var/www/html/loix/wp-includes/formatting.php en la línea 5424

2020-12-03T03:45:29+00:00 CRITICAL syntax error, unexpected 'endwhile' (T_ENDWHILE), expecting end of file en /var/www/html/loix/wp-content/themes/loix/index.php en la línea 286

2020-12-03T03:53:54+00:00 CRITICAL syntax error, unexpected '=>' (T_DOUBLE_ARROW), expecting ')' en /var/www/html/loix/wp-content/themes/loix/index.php en la línea 297

2020-12-03T19:07:20+00:00 CRITICAL syntax error, unexpected end of file en /var/www/html/loix/wp-content/themes/loix/index.php en la línea 435

2020-12-03T20:09:54+00:00 CRITICAL syntax error, unexpected end of file en /var/www/html/loix/wp-content/themes/loix/functions.php en la línea 192

2020-12-03T20:09:58+00:00 CRITICAL syntax error, unexpected end of file en /var/www/html/loix/wp-content/themes/loix/functions.php en la línea 192

2020-12-03T20:10:20+00:00 CRITICAL syntax error, unexpected end of file en /var/www/html/loix/wp-content/themes/loix/functions.php en la línea 192

2020-12-03T20:10:58+00:00 CRITICAL syntax error, unexpected end of file en /var/www/html/loix/wp-content/themes/loix/functions.php en la línea 192

2020-12-03T20:10:59+00:00 CRITICAL syntax error, unexpected end of file en /var/www/html/loix/wp-content/themes/loix/functions.php en la línea 192

2020-12-03T20:11:02+00:00 CRITICAL syntax error, unexpected end of file en /var/www/html/loix/wp-content/themes/loix/functions.php en la línea 192

2020-12-03T20:11:21+00:00 CRITICAL syntax error, unexpected end of file en /var/www/html/loix/wp-content/themes/loix/functions.php en la línea 129

2020-12-03T20:11:22+00:00 CRITICAL syntax error, unexpected end of file en /var/www/html/loix/wp-content/themes/loix/functions.php en la línea 129

2020-12-03T20:11:22+00:00 CRITICAL syntax error, unexpected end of file en /var/www/html/loix/wp-content/themes/loix/functions.php en la línea 129

2020-12-03T20:11:24+00:00 CRITICAL syntax error, unexpected end of file en /var/www/html/loix/wp-content/themes/loix/functions.php en la línea 129

2020-12-03T20:12:18+00:00 CRITICAL syntax error, unexpected end of file en /var/www/html/loix/wp-content/themes/loix/functions.php en la línea 130

2020-12-03T20:12:19+00:00 CRITICAL syntax error, unexpected end of file en /var/www/html/loix/wp-content/themes/loix/functions.php en la línea 130

2020-12-03T20:12:21+00:00 CRITICAL syntax error, unexpected end of file en /var/www/html/loix/wp-content/themes/loix/functions.php en la línea 130

2020-12-03T20:12:21+00:00 CRITICAL syntax error, unexpected end of file en /var/www/html/loix/wp-content/themes/loix/functions.php en la línea 130

2020-12-03T20:12:42+00:00 CRITICAL syntax error, unexpected end of file en /var/www/html/loix/wp-content/themes/loix/functions.php en la línea 90

