2021-06-21T15:33:12+00:00 CRITICAL Uncaught Error: Call to a member function get_image_id() on null in /var/www/html/Loix/wp-content/plugins/yith-woocommerce-featured-audio-video-content-premium/includes/classes/class.ywcfav-frontend-premium.php:45
Stack trace:
#0 /var/www/html/Loix/wp-includes/class-wp-hook.php(287): YITH_Featured_Audio_Video_Frontend_Premium->get_video_audio_content('    <div class=...', 0)
#1 /var/www/html/Loix/wp-includes/plugin.php(206): WP_Hook->apply_filters('    <div class=...', Array)
#2 /var/www/html/Loix/wp-content/plugins/woo-variation-gallery/includes/slider-template-js.php(22): apply_filters('woocommerce_sin...', '    <div class=...', 0)
#3 /var/www/html/Loix/wp-content/plugins/woo-variation-gallery/woo-variation-gallery.php(445): require_once('/var/www/html/L...')
#4 /var/www/html/Loix/wp-includes/class-wp-hook.php(287): Woo_Variation_Gallery->slider_template_js('')
#5 /var/www/html/Loix/wp-includes/class-wp-hook.php(311): WP_Hook->apply_filters(NULL, Array)
#6 /var/www/html/Loix/wp-includes/plugin.php(478): WP_ en /var/www/html/Loix/wp-content/plugins/yith-woocommerce-featured-audio-video-content-premium/includes/classes/class.ywcfav-frontend-premium.php en la línea 45

2021-06-21T15:36:52+00:00 CRITICAL Uncaught Error: Call to a member function get_image_id() on null in /var/www/html/Loix/wp-content/plugins/yith-woocommerce-featured-audio-video-content-premium/includes/classes/class.ywcfav-frontend-premium.php:45
Stack trace:
#0 /var/www/html/Loix/wp-includes/class-wp-hook.php(287): YITH_Featured_Audio_Video_Frontend_Premium->get_video_audio_content('    <div class=...', 0)
#1 /var/www/html/Loix/wp-includes/plugin.php(206): WP_Hook->apply_filters('    <div class=...', Array)
#2 /var/www/html/Loix/wp-content/plugins/woo-variation-gallery/includes/slider-template-js.php(22): apply_filters('woocommerce_sin...', '    <div class=...', 0)
#3 /var/www/html/Loix/wp-content/plugins/woo-variation-gallery/woo-variation-gallery.php(445): require_once('/var/www/html/L...')
#4 /var/www/html/Loix/wp-includes/class-wp-hook.php(287): Woo_Variation_Gallery->slider_template_js('')
#5 /var/www/html/Loix/wp-includes/class-wp-hook.php(311): WP_Hook->apply_filters(NULL, Array)
#6 /var/www/html/Loix/wp-includes/plugin.php(478): WP_ en /var/www/html/Loix/wp-content/plugins/yith-woocommerce-featured-audio-video-content-premium/includes/classes/class.ywcfav-frontend-premium.php en la línea 45

2021-06-21T15:37:02+00:00 CRITICAL Uncaught Error: Call to a member function get_image_id() on null in /var/www/html/Loix/wp-content/plugins/yith-woocommerce-featured-audio-video-content-premium/includes/classes/class.ywcfav-frontend-premium.php:45
Stack trace:
#0 /var/www/html/Loix/wp-includes/class-wp-hook.php(287): YITH_Featured_Audio_Video_Frontend_Premium->get_video_audio_content('    <div class=...', 0)
#1 /var/www/html/Loix/wp-includes/plugin.php(206): WP_Hook->apply_filters('    <div class=...', Array)
#2 /var/www/html/Loix/wp-content/plugins/woo-variation-gallery/includes/slider-template-js.php(22): apply_filters('woocommerce_sin...', '    <div class=...', 0)
#3 /var/www/html/Loix/wp-content/plugins/woo-variation-gallery/woo-variation-gallery.php(445): require_once('/var/www/html/L...')
#4 /var/www/html/Loix/wp-includes/class-wp-hook.php(287): Woo_Variation_Gallery->slider_template_js('')
#5 /var/www/html/Loix/wp-includes/class-wp-hook.php(311): WP_Hook->apply_filters(NULL, Array)
#6 /var/www/html/Loix/wp-includes/plugin.php(478): WP_ en /var/www/html/Loix/wp-content/plugins/yith-woocommerce-featured-audio-video-content-premium/includes/classes/class.ywcfav-frontend-premium.php en la línea 45

2021-06-21T15:37:05+00:00 CRITICAL Uncaught Error: Call to a member function get_image_id() on null in /var/www/html/Loix/wp-content/plugins/yith-woocommerce-featured-audio-video-content-premium/includes/classes/class.ywcfav-frontend-premium.php:45
Stack trace:
#0 /var/www/html/Loix/wp-includes/class-wp-hook.php(287): YITH_Featured_Audio_Video_Frontend_Premium->get_video_audio_content('    <div class=...', 0)
#1 /var/www/html/Loix/wp-includes/plugin.php(206): WP_Hook->apply_filters('    <div class=...', Array)
#2 /var/www/html/Loix/wp-content/plugins/woo-variation-gallery/includes/slider-template-js.php(22): apply_filters('woocommerce_sin...', '    <div class=...', 0)
#3 /var/www/html/Loix/wp-content/plugins/woo-variation-gallery/woo-variation-gallery.php(445): require_once('/var/www/html/L...')
#4 /var/www/html/Loix/wp-includes/class-wp-hook.php(287): Woo_Variation_Gallery->slider_template_js('')
#5 /var/www/html/Loix/wp-includes/class-wp-hook.php(311): WP_Hook->apply_filters(NULL, Array)
#6 /var/www/html/Loix/wp-includes/plugin.php(478): WP_ en /var/www/html/Loix/wp-content/plugins/yith-woocommerce-featured-audio-video-content-premium/includes/classes/class.ywcfav-frontend-premium.php en la línea 45

2021-06-21T15:37:19+00:00 CRITICAL Uncaught Error: Call to a member function get_image_id() on null in /var/www/html/Loix/wp-content/plugins/yith-woocommerce-featured-audio-video-content-premium/includes/classes/class.ywcfav-frontend-premium.php:45
Stack trace:
#0 /var/www/html/Loix/wp-includes/class-wp-hook.php(287): YITH_Featured_Audio_Video_Frontend_Premium->get_video_audio_content('    <div class=...', 0)
#1 /var/www/html/Loix/wp-includes/plugin.php(206): WP_Hook->apply_filters('    <div class=...', Array)
#2 /var/www/html/Loix/wp-content/plugins/woo-variation-gallery/includes/slider-template-js.php(22): apply_filters('woocommerce_sin...', '    <div class=...', 0)
#3 /var/www/html/Loix/wp-content/plugins/woo-variation-gallery/woo-variation-gallery.php(445): require_once('/var/www/html/L...')
#4 /var/www/html/Loix/wp-includes/class-wp-hook.php(287): Woo_Variation_Gallery->slider_template_js('')
#5 /var/www/html/Loix/wp-includes/class-wp-hook.php(311): WP_Hook->apply_filters(NULL, Array)
#6 /var/www/html/Loix/wp-includes/plugin.php(478): WP_ en /var/www/html/Loix/wp-content/plugins/yith-woocommerce-featured-audio-video-content-premium/includes/classes/class.ywcfav-frontend-premium.php en la línea 45

2021-06-21T15:37:23+00:00 CRITICAL Uncaught Error: Call to a member function get_image_id() on null in /var/www/html/Loix/wp-content/plugins/yith-woocommerce-featured-audio-video-content-premium/includes/classes/class.ywcfav-frontend-premium.php:45
Stack trace:
#0 /var/www/html/Loix/wp-includes/class-wp-hook.php(287): YITH_Featured_Audio_Video_Frontend_Premium->get_video_audio_content('    <div class=...', 0)
#1 /var/www/html/Loix/wp-includes/plugin.php(206): WP_Hook->apply_filters('    <div class=...', Array)
#2 /var/www/html/Loix/wp-content/plugins/woo-variation-gallery/includes/slider-template-js.php(22): apply_filters('woocommerce_sin...', '    <div class=...', 0)
#3 /var/www/html/Loix/wp-content/plugins/woo-variation-gallery/woo-variation-gallery.php(445): require_once('/var/www/html/L...')
#4 /var/www/html/Loix/wp-includes/class-wp-hook.php(287): Woo_Variation_Gallery->slider_template_js('')
#5 /var/www/html/Loix/wp-includes/class-wp-hook.php(311): WP_Hook->apply_filters(NULL, Array)
#6 /var/www/html/Loix/wp-includes/plugin.php(478): WP_ en /var/www/html/Loix/wp-content/plugins/yith-woocommerce-featured-audio-video-content-premium/includes/classes/class.ywcfav-frontend-premium.php en la línea 45

2021-06-21T15:43:31+00:00 CRITICAL Uncaught Error: Call to a member function get_image_id() on null in /var/www/html/Loix/wp-content/plugins/yith-woocommerce-featured-audio-video-content-premium/includes/classes/class.ywcfav-frontend-premium.php:45
Stack trace:
#0 /var/www/html/Loix/wp-includes/class-wp-hook.php(287): YITH_Featured_Audio_Video_Frontend_Premium->get_video_audio_content('    <div class=...', 0)
#1 /var/www/html/Loix/wp-includes/plugin.php(206): WP_Hook->apply_filters('    <div class=...', Array)
#2 /var/www/html/Loix/wp-content/plugins/woo-variation-gallery/includes/slider-template-js.php(22): apply_filters('woocommerce_sin...', '    <div class=...', 0)
#3 /var/www/html/Loix/wp-content/plugins/woo-variation-gallery/woo-variation-gallery.php(445): require_once('/var/www/html/L...')
#4 /var/www/html/Loix/wp-includes/class-wp-hook.php(287): Woo_Variation_Gallery->slider_template_js('')
#5 /var/www/html/Loix/wp-includes/class-wp-hook.php(311): WP_Hook->apply_filters(NULL, Array)
#6 /var/www/html/Loix/wp-includes/plugin.php(478): WP_ en /var/www/html/Loix/wp-content/plugins/yith-woocommerce-featured-audio-video-content-premium/includes/classes/class.ywcfav-frontend-premium.php en la línea 45

2021-06-21T15:43:35+00:00 CRITICAL Uncaught Error: Call to a member function get_image_id() on null in /var/www/html/Loix/wp-content/plugins/yith-woocommerce-featured-audio-video-content-premium/includes/classes/class.ywcfav-frontend-premium.php:45
Stack trace:
#0 /var/www/html/Loix/wp-includes/class-wp-hook.php(287): YITH_Featured_Audio_Video_Frontend_Premium->get_video_audio_content('    <div class=...', 0)
#1 /var/www/html/Loix/wp-includes/plugin.php(206): WP_Hook->apply_filters('    <div class=...', Array)
#2 /var/www/html/Loix/wp-content/plugins/woo-variation-gallery/includes/slider-template-js.php(22): apply_filters('woocommerce_sin...', '    <div class=...', 0)
#3 /var/www/html/Loix/wp-content/plugins/woo-variation-gallery/woo-variation-gallery.php(445): require_once('/var/www/html/L...')
#4 /var/www/html/Loix/wp-includes/class-wp-hook.php(287): Woo_Variation_Gallery->slider_template_js('')
#5 /var/www/html/Loix/wp-includes/class-wp-hook.php(311): WP_Hook->apply_filters(NULL, Array)
#6 /var/www/html/Loix/wp-includes/plugin.php(478): WP_ en /var/www/html/Loix/wp-content/plugins/yith-woocommerce-featured-audio-video-content-premium/includes/classes/class.ywcfav-frontend-premium.php en la línea 45

2021-06-21T15:43:37+00:00 CRITICAL Uncaught Error: Call to a member function get_image_id() on null in /var/www/html/Loix/wp-content/plugins/yith-woocommerce-featured-audio-video-content-premium/includes/classes/class.ywcfav-frontend-premium.php:45
Stack trace:
#0 /var/www/html/Loix/wp-includes/class-wp-hook.php(287): YITH_Featured_Audio_Video_Frontend_Premium->get_video_audio_content('    <div class=...', 0)
#1 /var/www/html/Loix/wp-includes/plugin.php(206): WP_Hook->apply_filters('    <div class=...', Array)
#2 /var/www/html/Loix/wp-content/plugins/woo-variation-gallery/includes/slider-template-js.php(22): apply_filters('woocommerce_sin...', '    <div class=...', 0)
#3 /var/www/html/Loix/wp-content/plugins/woo-variation-gallery/woo-variation-gallery.php(445): require_once('/var/www/html/L...')
#4 /var/www/html/Loix/wp-includes/class-wp-hook.php(287): Woo_Variation_Gallery->slider_template_js('')
#5 /var/www/html/Loix/wp-includes/class-wp-hook.php(311): WP_Hook->apply_filters(NULL, Array)
#6 /var/www/html/Loix/wp-includes/plugin.php(478): WP_ en /var/www/html/Loix/wp-content/plugins/yith-woocommerce-featured-audio-video-content-premium/includes/classes/class.ywcfav-frontend-premium.php en la línea 45

2021-06-21T15:43:40+00:00 CRITICAL Uncaught Error: Call to a member function get_image_id() on null in /var/www/html/Loix/wp-content/plugins/yith-woocommerce-featured-audio-video-content-premium/includes/classes/class.ywcfav-frontend-premium.php:45
Stack trace:
#0 /var/www/html/Loix/wp-includes/class-wp-hook.php(287): YITH_Featured_Audio_Video_Frontend_Premium->get_video_audio_content('    <div class=...', 0)
#1 /var/www/html/Loix/wp-includes/plugin.php(206): WP_Hook->apply_filters('    <div class=...', Array)
#2 /var/www/html/Loix/wp-content/plugins/woo-variation-gallery/includes/slider-template-js.php(22): apply_filters('woocommerce_sin...', '    <div class=...', 0)
#3 /var/www/html/Loix/wp-content/plugins/woo-variation-gallery/woo-variation-gallery.php(445): require_once('/var/www/html/L...')
#4 /var/www/html/Loix/wp-includes/class-wp-hook.php(287): Woo_Variation_Gallery->slider_template_js('')
#5 /var/www/html/Loix/wp-includes/class-wp-hook.php(311): WP_Hook->apply_filters(NULL, Array)
#6 /var/www/html/Loix/wp-includes/plugin.php(478): WP_ en /var/www/html/Loix/wp-content/plugins/yith-woocommerce-featured-audio-video-content-premium/includes/classes/class.ywcfav-frontend-premium.php en la línea 45

2021-06-21T15:43:43+00:00 CRITICAL Uncaught Error: Call to a member function get_image_id() on null in /var/www/html/Loix/wp-content/plugins/yith-woocommerce-featured-audio-video-content-premium/includes/classes/class.ywcfav-frontend-premium.php:45
Stack trace:
#0 /var/www/html/Loix/wp-includes/class-wp-hook.php(287): YITH_Featured_Audio_Video_Frontend_Premium->get_video_audio_content('    <div class=...', 0)
#1 /var/www/html/Loix/wp-includes/plugin.php(206): WP_Hook->apply_filters('    <div class=...', Array)
#2 /var/www/html/Loix/wp-content/plugins/woo-variation-gallery/includes/slider-template-js.php(22): apply_filters('woocommerce_sin...', '    <div class=...', 0)
#3 /var/www/html/Loix/wp-content/plugins/woo-variation-gallery/woo-variation-gallery.php(445): require_once('/var/www/html/L...')
#4 /var/www/html/Loix/wp-includes/class-wp-hook.php(287): Woo_Variation_Gallery->slider_template_js('')
#5 /var/www/html/Loix/wp-includes/class-wp-hook.php(311): WP_Hook->apply_filters(NULL, Array)
#6 /var/www/html/Loix/wp-includes/plugin.php(478): WP_ en /var/www/html/Loix/wp-content/plugins/yith-woocommerce-featured-audio-video-content-premium/includes/classes/class.ywcfav-frontend-premium.php en la línea 45

2021-06-21T15:54:55+00:00 CRITICAL Uncaught Error: Call to a member function get_image_id() on null in /var/www/html/Loix/wp-content/plugins/yith-woocommerce-featured-audio-video-content-premium/includes/classes/class.ywcfav-frontend-premium.php:45
Stack trace:
#0 /var/www/html/Loix/wp-includes/class-wp-hook.php(287): YITH_Featured_Audio_Video_Frontend_Premium->get_video_audio_content('    <div class=...', 0)
#1 /var/www/html/Loix/wp-includes/plugin.php(206): WP_Hook->apply_filters('    <div class=...', Array)
#2 /var/www/html/Loix/wp-content/plugins/woo-variation-gallery/includes/slider-template-js.php(22): apply_filters('woocommerce_sin...', '    <div class=...', 0)
#3 /var/www/html/Loix/wp-content/plugins/woo-variation-gallery/woo-variation-gallery.php(445): require_once('/var/www/html/L...')
#4 /var/www/html/Loix/wp-includes/class-wp-hook.php(287): Woo_Variation_Gallery->slider_template_js('')
#5 /var/www/html/Loix/wp-includes/class-wp-hook.php(311): WP_Hook->apply_filters(NULL, Array)
#6 /var/www/html/Loix/wp-includes/plugin.php(478): WP_ en /var/www/html/Loix/wp-content/plugins/yith-woocommerce-featured-audio-video-content-premium/includes/classes/class.ywcfav-frontend-premium.php en la línea 45

2021-06-21T15:54:58+00:00 CRITICAL Uncaught Error: Call to a member function get_image_id() on null in /var/www/html/Loix/wp-content/plugins/yith-woocommerce-featured-audio-video-content-premium/includes/classes/class.ywcfav-frontend-premium.php:45
Stack trace:
#0 /var/www/html/Loix/wp-includes/class-wp-hook.php(287): YITH_Featured_Audio_Video_Frontend_Premium->get_video_audio_content('    <div class=...', 0)
#1 /var/www/html/Loix/wp-includes/plugin.php(206): WP_Hook->apply_filters('    <div class=...', Array)
#2 /var/www/html/Loix/wp-content/plugins/woo-variation-gallery/includes/slider-template-js.php(22): apply_filters('woocommerce_sin...', '    <div class=...', 0)
#3 /var/www/html/Loix/wp-content/plugins/woo-variation-gallery/woo-variation-gallery.php(445): require_once('/var/www/html/L...')
#4 /var/www/html/Loix/wp-includes/class-wp-hook.php(287): Woo_Variation_Gallery->slider_template_js('')
#5 /var/www/html/Loix/wp-includes/class-wp-hook.php(311): WP_Hook->apply_filters(NULL, Array)
#6 /var/www/html/Loix/wp-includes/plugin.php(478): WP_ en /var/www/html/Loix/wp-content/plugins/yith-woocommerce-featured-audio-video-content-premium/includes/classes/class.ywcfav-frontend-premium.php en la línea 45

2021-06-21T15:55:09+00:00 CRITICAL Uncaught Error: Call to a member function get_image_id() on null in /var/www/html/Loix/wp-content/plugins/yith-woocommerce-featured-audio-video-content-premium/includes/classes/class.ywcfav-frontend-premium.php:45
Stack trace:
#0 /var/www/html/Loix/wp-includes/class-wp-hook.php(287): YITH_Featured_Audio_Video_Frontend_Premium->get_video_audio_content('    <div class=...', 0)
#1 /var/www/html/Loix/wp-includes/plugin.php(206): WP_Hook->apply_filters('    <div class=...', Array)
#2 /var/www/html/Loix/wp-content/plugins/woo-variation-gallery/includes/slider-template-js.php(22): apply_filters('woocommerce_sin...', '    <div class=...', 0)
#3 /var/www/html/Loix/wp-content/plugins/woo-variation-gallery/woo-variation-gallery.php(445): require_once('/var/www/html/L...')
#4 /var/www/html/Loix/wp-includes/class-wp-hook.php(287): Woo_Variation_Gallery->slider_template_js('')
#5 /var/www/html/Loix/wp-includes/class-wp-hook.php(311): WP_Hook->apply_filters(NULL, Array)
#6 /var/www/html/Loix/wp-includes/plugin.php(478): WP_ en /var/www/html/Loix/wp-content/plugins/yith-woocommerce-featured-audio-video-content-premium/includes/classes/class.ywcfav-frontend-premium.php en la línea 45

2021-06-21T15:55:12+00:00 CRITICAL Uncaught Error: Call to a member function get_image_id() on null in /var/www/html/Loix/wp-content/plugins/yith-woocommerce-featured-audio-video-content-premium/includes/classes/class.ywcfav-frontend-premium.php:45
Stack trace:
#0 /var/www/html/Loix/wp-includes/class-wp-hook.php(287): YITH_Featured_Audio_Video_Frontend_Premium->get_video_audio_content('    <div class=...', 0)
#1 /var/www/html/Loix/wp-includes/plugin.php(206): WP_Hook->apply_filters('    <div class=...', Array)
#2 /var/www/html/Loix/wp-content/plugins/woo-variation-gallery/includes/slider-template-js.php(22): apply_filters('woocommerce_sin...', '    <div class=...', 0)
#3 /var/www/html/Loix/wp-content/plugins/woo-variation-gallery/woo-variation-gallery.php(445): require_once('/var/www/html/L...')
#4 /var/www/html/Loix/wp-includes/class-wp-hook.php(287): Woo_Variation_Gallery->slider_template_js('')
#5 /var/www/html/Loix/wp-includes/class-wp-hook.php(311): WP_Hook->apply_filters(NULL, Array)
#6 /var/www/html/Loix/wp-includes/plugin.php(478): WP_ en /var/www/html/Loix/wp-content/plugins/yith-woocommerce-featured-audio-video-content-premium/includes/classes/class.ywcfav-frontend-premium.php en la línea 45

2021-06-21T15:55:39+00:00 CRITICAL Uncaught Error: Call to a member function get_image_id() on null in /var/www/html/Loix/wp-content/plugins/yith-woocommerce-featured-audio-video-content-premium/includes/classes/class.ywcfav-frontend-premium.php:45
Stack trace:
#0 /var/www/html/Loix/wp-includes/class-wp-hook.php(287): YITH_Featured_Audio_Video_Frontend_Premium->get_video_audio_content('    <div class=...', 0)
#1 /var/www/html/Loix/wp-includes/plugin.php(206): WP_Hook->apply_filters('    <div class=...', Array)
#2 /var/www/html/Loix/wp-content/plugins/woo-variation-gallery/includes/slider-template-js.php(22): apply_filters('woocommerce_sin...', '    <div class=...', 0)
#3 /var/www/html/Loix/wp-content/plugins/woo-variation-gallery/woo-variation-gallery.php(445): require_once('/var/www/html/L...')
#4 /var/www/html/Loix/wp-includes/class-wp-hook.php(287): Woo_Variation_Gallery->slider_template_js('')
#5 /var/www/html/Loix/wp-includes/class-wp-hook.php(311): WP_Hook->apply_filters(NULL, Array)
#6 /var/www/html/Loix/wp-includes/plugin.php(478): WP_ en /var/www/html/Loix/wp-content/plugins/yith-woocommerce-featured-audio-video-content-premium/includes/classes/class.ywcfav-frontend-premium.php en la línea 45

2021-06-21T15:55:42+00:00 CRITICAL Uncaught Error: Call to a member function get_image_id() on null in /var/www/html/Loix/wp-content/plugins/yith-woocommerce-featured-audio-video-content-premium/includes/classes/class.ywcfav-frontend-premium.php:45
Stack trace:
#0 /var/www/html/Loix/wp-includes/class-wp-hook.php(287): YITH_Featured_Audio_Video_Frontend_Premium->get_video_audio_content('    <div class=...', 0)
#1 /var/www/html/Loix/wp-includes/plugin.php(206): WP_Hook->apply_filters('    <div class=...', Array)
#2 /var/www/html/Loix/wp-content/plugins/woo-variation-gallery/includes/slider-template-js.php(22): apply_filters('woocommerce_sin...', '    <div class=...', 0)
#3 /var/www/html/Loix/wp-content/plugins/woo-variation-gallery/woo-variation-gallery.php(445): require_once('/var/www/html/L...')
#4 /var/www/html/Loix/wp-includes/class-wp-hook.php(287): Woo_Variation_Gallery->slider_template_js('')
#5 /var/www/html/Loix/wp-includes/class-wp-hook.php(311): WP_Hook->apply_filters(NULL, Array)
#6 /var/www/html/Loix/wp-includes/plugin.php(478): WP_ en /var/www/html/Loix/wp-content/plugins/yith-woocommerce-featured-audio-video-content-premium/includes/classes/class.ywcfav-frontend-premium.php en la línea 45

2021-06-21T15:56:17+00:00 CRITICAL Uncaught Error: Call to a member function get_image_id() on null in /var/www/html/Loix/wp-content/plugins/yith-woocommerce-featured-audio-video-content-premium/includes/classes/class.ywcfav-frontend-premium.php:45
Stack trace:
#0 /var/www/html/Loix/wp-includes/class-wp-hook.php(287): YITH_Featured_Audio_Video_Frontend_Premium->get_video_audio_content('    <div class=...', 0)
#1 /var/www/html/Loix/wp-includes/plugin.php(206): WP_Hook->apply_filters('    <div class=...', Array)
#2 /var/www/html/Loix/wp-content/plugins/woo-variation-gallery/includes/slider-template-js.php(22): apply_filters('woocommerce_sin...', '    <div class=...', 0)
#3 /var/www/html/Loix/wp-content/plugins/woo-variation-gallery/woo-variation-gallery.php(445): require_once('/var/www/html/L...')
#4 /var/www/html/Loix/wp-includes/class-wp-hook.php(287): Woo_Variation_Gallery->slider_template_js('')
#5 /var/www/html/Loix/wp-includes/class-wp-hook.php(311): WP_Hook->apply_filters(NULL, Array)
#6 /var/www/html/Loix/wp-includes/plugin.php(478): WP_ en /var/www/html/Loix/wp-content/plugins/yith-woocommerce-featured-audio-video-content-premium/includes/classes/class.ywcfav-frontend-premium.php en la línea 45

2021-06-21T15:56:21+00:00 CRITICAL Uncaught Error: Call to a member function get_image_id() on null in /var/www/html/Loix/wp-content/plugins/yith-woocommerce-featured-audio-video-content-premium/includes/classes/class.ywcfav-frontend-premium.php:45
Stack trace:
#0 /var/www/html/Loix/wp-includes/class-wp-hook.php(287): YITH_Featured_Audio_Video_Frontend_Premium->get_video_audio_content('    <div class=...', 0)
#1 /var/www/html/Loix/wp-includes/plugin.php(206): WP_Hook->apply_filters('    <div class=...', Array)
#2 /var/www/html/Loix/wp-content/plugins/woo-variation-gallery/includes/slider-template-js.php(22): apply_filters('woocommerce_sin...', '    <div class=...', 0)
#3 /var/www/html/Loix/wp-content/plugins/woo-variation-gallery/woo-variation-gallery.php(445): require_once('/var/www/html/L...')
#4 /var/www/html/Loix/wp-includes/class-wp-hook.php(287): Woo_Variation_Gallery->slider_template_js('')
#5 /var/www/html/Loix/wp-includes/class-wp-hook.php(311): WP_Hook->apply_filters(NULL, Array)
#6 /var/www/html/Loix/wp-includes/plugin.php(478): WP_ en /var/www/html/Loix/wp-content/plugins/yith-woocommerce-featured-audio-video-content-premium/includes/classes/class.ywcfav-frontend-premium.php en la línea 45

2021-06-21T15:58:52+00:00 CRITICAL Uncaught Error: Call to a member function get_image_id() on null in /var/www/html/Loix/wp-content/plugins/yith-woocommerce-featured-audio-video-content-premium/includes/classes/class.ywcfav-frontend-premium.php:45
Stack trace:
#0 /var/www/html/Loix/wp-includes/class-wp-hook.php(287): YITH_Featured_Audio_Video_Frontend_Premium->get_video_audio_content('    <div class=...', 0)
#1 /var/www/html/Loix/wp-includes/plugin.php(206): WP_Hook->apply_filters('    <div class=...', Array)
#2 /var/www/html/Loix/wp-content/plugins/woo-variation-gallery/includes/slider-template-js.php(22): apply_filters('woocommerce_sin...', '    <div class=...', 0)
#3 /var/www/html/Loix/wp-content/plugins/woo-variation-gallery/woo-variation-gallery.php(445): require_once('/var/www/html/L...')
#4 /var/www/html/Loix/wp-includes/class-wp-hook.php(287): Woo_Variation_Gallery->slider_template_js('')
#5 /var/www/html/Loix/wp-includes/class-wp-hook.php(311): WP_Hook->apply_filters(NULL, Array)
#6 /var/www/html/Loix/wp-includes/plugin.php(478): WP_ en /var/www/html/Loix/wp-content/plugins/yith-woocommerce-featured-audio-video-content-premium/includes/classes/class.ywcfav-frontend-premium.php en la línea 45

2021-06-21T15:58:57+00:00 CRITICAL Uncaught Error: Call to a member function get_image_id() on null in /var/www/html/Loix/wp-content/plugins/yith-woocommerce-featured-audio-video-content-premium/includes/classes/class.ywcfav-frontend-premium.php:45
Stack trace:
#0 /var/www/html/Loix/wp-includes/class-wp-hook.php(287): YITH_Featured_Audio_Video_Frontend_Premium->get_video_audio_content('    <div class=...', 0)
#1 /var/www/html/Loix/wp-includes/plugin.php(206): WP_Hook->apply_filters('    <div class=...', Array)
#2 /var/www/html/Loix/wp-content/plugins/woo-variation-gallery/includes/slider-template-js.php(22): apply_filters('woocommerce_sin...', '    <div class=...', 0)
#3 /var/www/html/Loix/wp-content/plugins/woo-variation-gallery/woo-variation-gallery.php(445): require_once('/var/www/html/L...')
#4 /var/www/html/Loix/wp-includes/class-wp-hook.php(287): Woo_Variation_Gallery->slider_template_js('')
#5 /var/www/html/Loix/wp-includes/class-wp-hook.php(311): WP_Hook->apply_filters(NULL, Array)
#6 /var/www/html/Loix/wp-includes/plugin.php(478): WP_ en /var/www/html/Loix/wp-content/plugins/yith-woocommerce-featured-audio-video-content-premium/includes/classes/class.ywcfav-frontend-premium.php en la línea 45

2021-06-21T15:59:04+00:00 CRITICAL Uncaught Error: Call to a member function get_image_id() on null in /var/www/html/Loix/wp-content/plugins/yith-woocommerce-featured-audio-video-content-premium/includes/classes/class.ywcfav-frontend-premium.php:45
Stack trace:
#0 /var/www/html/Loix/wp-includes/class-wp-hook.php(287): YITH_Featured_Audio_Video_Frontend_Premium->get_video_audio_content('    <div class=...', 0)
#1 /var/www/html/Loix/wp-includes/plugin.php(206): WP_Hook->apply_filters('    <div class=...', Array)
#2 /var/www/html/Loix/wp-content/plugins/woo-variation-gallery/includes/slider-template-js.php(22): apply_filters('woocommerce_sin...', '    <div class=...', 0)
#3 /var/www/html/Loix/wp-content/plugins/woo-variation-gallery/woo-variation-gallery.php(445): require_once('/var/www/html/L...')
#4 /var/www/html/Loix/wp-includes/class-wp-hook.php(287): Woo_Variation_Gallery->slider_template_js('')
#5 /var/www/html/Loix/wp-includes/class-wp-hook.php(311): WP_Hook->apply_filters(NULL, Array)
#6 /var/www/html/Loix/wp-includes/plugin.php(478): WP_ en /var/www/html/Loix/wp-content/plugins/yith-woocommerce-featured-audio-video-content-premium/includes/classes/class.ywcfav-frontend-premium.php en la línea 45

2021-06-21T15:59:09+00:00 CRITICAL Uncaught Error: Call to a member function get_image_id() on null in /var/www/html/Loix/wp-content/plugins/yith-woocommerce-featured-audio-video-content-premium/includes/classes/class.ywcfav-frontend-premium.php:45
Stack trace:
#0 /var/www/html/Loix/wp-includes/class-wp-hook.php(287): YITH_Featured_Audio_Video_Frontend_Premium->get_video_audio_content('    <div class=...', 0)
#1 /var/www/html/Loix/wp-includes/plugin.php(206): WP_Hook->apply_filters('    <div class=...', Array)
#2 /var/www/html/Loix/wp-content/plugins/woo-variation-gallery/includes/slider-template-js.php(22): apply_filters('woocommerce_sin...', '    <div class=...', 0)
#3 /var/www/html/Loix/wp-content/plugins/woo-variation-gallery/woo-variation-gallery.php(445): require_once('/var/www/html/L...')
#4 /var/www/html/Loix/wp-includes/class-wp-hook.php(287): Woo_Variation_Gallery->slider_template_js('')
#5 /var/www/html/Loix/wp-includes/class-wp-hook.php(311): WP_Hook->apply_filters(NULL, Array)
#6 /var/www/html/Loix/wp-includes/plugin.php(478): WP_ en /var/www/html/Loix/wp-content/plugins/yith-woocommerce-featured-audio-video-content-premium/includes/classes/class.ywcfav-frontend-premium.php en la línea 45

2021-06-21T15:59:19+00:00 CRITICAL Uncaught Error: Call to a member function get_image_id() on null in /var/www/html/Loix/wp-content/plugins/yith-woocommerce-featured-audio-video-content-premium/includes/classes/class.ywcfav-frontend-premium.php:45
Stack trace:
#0 /var/www/html/Loix/wp-includes/class-wp-hook.php(287): YITH_Featured_Audio_Video_Frontend_Premium->get_video_audio_content('    <div class=...', 0)
#1 /var/www/html/Loix/wp-includes/plugin.php(206): WP_Hook->apply_filters('    <div class=...', Array)
#2 /var/www/html/Loix/wp-content/plugins/woo-variation-gallery/includes/slider-template-js.php(22): apply_filters('woocommerce_sin...', '    <div class=...', 0)
#3 /var/www/html/Loix/wp-content/plugins/woo-variation-gallery/woo-variation-gallery.php(445): require_once('/var/www/html/L...')
#4 /var/www/html/Loix/wp-includes/class-wp-hook.php(287): Woo_Variation_Gallery->slider_template_js('')
#5 /var/www/html/Loix/wp-includes/class-wp-hook.php(311): WP_Hook->apply_filters(NULL, Array)
#6 /var/www/html/Loix/wp-includes/plugin.php(478): WP_ en /var/www/html/Loix/wp-content/plugins/yith-woocommerce-featured-audio-video-content-premium/includes/classes/class.ywcfav-frontend-premium.php en la línea 45

2021-06-21T15:59:22+00:00 CRITICAL Uncaught Error: Call to a member function get_image_id() on null in /var/www/html/Loix/wp-content/plugins/yith-woocommerce-featured-audio-video-content-premium/includes/classes/class.ywcfav-frontend-premium.php:45
Stack trace:
#0 /var/www/html/Loix/wp-includes/class-wp-hook.php(287): YITH_Featured_Audio_Video_Frontend_Premium->get_video_audio_content('    <div class=...', 0)
#1 /var/www/html/Loix/wp-includes/plugin.php(206): WP_Hook->apply_filters('    <div class=...', Array)
#2 /var/www/html/Loix/wp-content/plugins/woo-variation-gallery/includes/slider-template-js.php(22): apply_filters('woocommerce_sin...', '    <div class=...', 0)
#3 /var/www/html/Loix/wp-content/plugins/woo-variation-gallery/woo-variation-gallery.php(445): require_once('/var/www/html/L...')
#4 /var/www/html/Loix/wp-includes/class-wp-hook.php(287): Woo_Variation_Gallery->slider_template_js('')
#5 /var/www/html/Loix/wp-includes/class-wp-hook.php(311): WP_Hook->apply_filters(NULL, Array)
#6 /var/www/html/Loix/wp-includes/plugin.php(478): WP_ en /var/www/html/Loix/wp-content/plugins/yith-woocommerce-featured-audio-video-content-premium/includes/classes/class.ywcfav-frontend-premium.php en la línea 45

2021-06-21T16:07:14+00:00 CRITICAL Uncaught Error: Call to a member function get_image_id() on null in /var/www/html/Loix/wp-content/plugins/yith-woocommerce-featured-audio-video-content-premium/includes/classes/class.ywcfav-frontend-premium.php:45
Stack trace:
#0 /var/www/html/Loix/wp-includes/class-wp-hook.php(287): YITH_Featured_Audio_Video_Frontend_Premium->get_video_audio_content('    <div class=...', 0)
#1 /var/www/html/Loix/wp-includes/plugin.php(206): WP_Hook->apply_filters('    <div class=...', Array)
#2 /var/www/html/Loix/wp-content/plugins/woo-variation-gallery/includes/slider-template-js.php(22): apply_filters('woocommerce_sin...', '    <div class=...', 0)
#3 /var/www/html/Loix/wp-content/plugins/woo-variation-gallery/woo-variation-gallery.php(445): require_once('/var/www/html/L...')
#4 /var/www/html/Loix/wp-includes/class-wp-hook.php(287): Woo_Variation_Gallery->slider_template_js('')
#5 /var/www/html/Loix/wp-includes/class-wp-hook.php(311): WP_Hook->apply_filters(NULL, Array)
#6 /var/www/html/Loix/wp-includes/plugin.php(478): WP_ en /var/www/html/Loix/wp-content/plugins/yith-woocommerce-featured-audio-video-content-premium/includes/classes/class.ywcfav-frontend-premium.php en la línea 45

2021-06-21T16:07:17+00:00 CRITICAL Uncaught Error: Call to a member function get_image_id() on null in /var/www/html/Loix/wp-content/plugins/yith-woocommerce-featured-audio-video-content-premium/includes/classes/class.ywcfav-frontend-premium.php:45
Stack trace:
#0 /var/www/html/Loix/wp-includes/class-wp-hook.php(287): YITH_Featured_Audio_Video_Frontend_Premium->get_video_audio_content('    <div class=...', 0)
#1 /var/www/html/Loix/wp-includes/plugin.php(206): WP_Hook->apply_filters('    <div class=...', Array)
#2 /var/www/html/Loix/wp-content/plugins/woo-variation-gallery/includes/slider-template-js.php(22): apply_filters('woocommerce_sin...', '    <div class=...', 0)
#3 /var/www/html/Loix/wp-content/plugins/woo-variation-gallery/woo-variation-gallery.php(445): require_once('/var/www/html/L...')
#4 /var/www/html/Loix/wp-includes/class-wp-hook.php(287): Woo_Variation_Gallery->slider_template_js('')
#5 /var/www/html/Loix/wp-includes/class-wp-hook.php(311): WP_Hook->apply_filters(NULL, Array)
#6 /var/www/html/Loix/wp-includes/plugin.php(478): WP_ en /var/www/html/Loix/wp-content/plugins/yith-woocommerce-featured-audio-video-content-premium/includes/classes/class.ywcfav-frontend-premium.php en la línea 45

2021-06-21T16:07:23+00:00 CRITICAL Uncaught Error: Call to a member function get_image_id() on null in /var/www/html/Loix/wp-content/plugins/yith-woocommerce-featured-audio-video-content-premium/includes/classes/class.ywcfav-frontend-premium.php:45
Stack trace:
#0 /var/www/html/Loix/wp-includes/class-wp-hook.php(287): YITH_Featured_Audio_Video_Frontend_Premium->get_video_audio_content('    <div class=...', 0)
#1 /var/www/html/Loix/wp-includes/plugin.php(206): WP_Hook->apply_filters('    <div class=...', Array)
#2 /var/www/html/Loix/wp-content/plugins/woo-variation-gallery/includes/slider-template-js.php(22): apply_filters('woocommerce_sin...', '    <div class=...', 0)
#3 /var/www/html/Loix/wp-content/plugins/woo-variation-gallery/woo-variation-gallery.php(445): require_once('/var/www/html/L...')
#4 /var/www/html/Loix/wp-includes/class-wp-hook.php(287): Woo_Variation_Gallery->slider_template_js('')
#5 /var/www/html/Loix/wp-includes/class-wp-hook.php(311): WP_Hook->apply_filters(NULL, Array)
#6 /var/www/html/Loix/wp-includes/plugin.php(478): WP_ en /var/www/html/Loix/wp-content/plugins/yith-woocommerce-featured-audio-video-content-premium/includes/classes/class.ywcfav-frontend-premium.php en la línea 45

2021-06-21T16:13:03+00:00 CRITICAL Uncaught Error: Call to a member function get_image_id() on null in /var/www/html/Loix/wp-content/plugins/yith-woocommerce-featured-audio-video-content-premium/includes/classes/class.ywcfav-frontend-premium.php:45
Stack trace:
#0 /var/www/html/Loix/wp-includes/class-wp-hook.php(287): YITH_Featured_Audio_Video_Frontend_Premium->get_video_audio_content('    <div class=...', 0)
#1 /var/www/html/Loix/wp-includes/plugin.php(206): WP_Hook->apply_filters('    <div class=...', Array)
#2 /var/www/html/Loix/wp-content/plugins/woo-variation-gallery/includes/slider-template-js.php(22): apply_filters('woocommerce_sin...', '    <div class=...', 0)
#3 /var/www/html/Loix/wp-content/plugins/woo-variation-gallery/woo-variation-gallery.php(445): require_once('/var/www/html/L...')
#4 /var/www/html/Loix/wp-includes/class-wp-hook.php(287): Woo_Variation_Gallery->slider_template_js('')
#5 /var/www/html/Loix/wp-includes/class-wp-hook.php(311): WP_Hook->apply_filters(NULL, Array)
#6 /var/www/html/Loix/wp-includes/plugin.php(478): WP_ en /var/www/html/Loix/wp-content/plugins/yith-woocommerce-featured-audio-video-content-premium/includes/classes/class.ywcfav-frontend-premium.php en la línea 45

2021-06-21T16:27:32+00:00 CRITICAL Uncaught Error: Call to a member function get_image_id() on null in /var/www/html/Loix/wp-content/plugins/yith-woocommerce-featured-audio-video-content-premium/includes/classes/class.ywcfav-frontend-premium.php:45
Stack trace:
#0 /var/www/html/Loix/wp-includes/class-wp-hook.php(287): YITH_Featured_Audio_Video_Frontend_Premium->get_video_audio_content('    <div class=...', 0)
#1 /var/www/html/Loix/wp-includes/plugin.php(206): WP_Hook->apply_filters('    <div class=...', Array)
#2 /var/www/html/Loix/wp-content/plugins/woo-variation-gallery/includes/slider-template-js.php(22): apply_filters('woocommerce_sin...', '    <div class=...', 0)
#3 /var/www/html/Loix/wp-content/plugins/woo-variation-gallery/woo-variation-gallery.php(445): require_once('/var/www/html/L...')
#4 /var/www/html/Loix/wp-includes/class-wp-hook.php(287): Woo_Variation_Gallery->slider_template_js('')
#5 /var/www/html/Loix/wp-includes/class-wp-hook.php(311): WP_Hook->apply_filters(NULL, Array)
#6 /var/www/html/Loix/wp-includes/plugin.php(478): WP_ en /var/www/html/Loix/wp-content/plugins/yith-woocommerce-featured-audio-video-content-premium/includes/classes/class.ywcfav-frontend-premium.php en la línea 45

2021-06-21T16:27:38+00:00 CRITICAL Uncaught Error: Call to a member function get_image_id() on null in /var/www/html/Loix/wp-content/plugins/yith-woocommerce-featured-audio-video-content-premium/includes/classes/class.ywcfav-frontend-premium.php:45
Stack trace:
#0 /var/www/html/Loix/wp-includes/class-wp-hook.php(287): YITH_Featured_Audio_Video_Frontend_Premium->get_video_audio_content('    <div class=...', 0)
#1 /var/www/html/Loix/wp-includes/plugin.php(206): WP_Hook->apply_filters('    <div class=...', Array)
#2 /var/www/html/Loix/wp-content/plugins/woo-variation-gallery/includes/slider-template-js.php(22): apply_filters('woocommerce_sin...', '    <div class=...', 0)
#3 /var/www/html/Loix/wp-content/plugins/woo-variation-gallery/woo-variation-gallery.php(445): require_once('/var/www/html/L...')
#4 /var/www/html/Loix/wp-includes/class-wp-hook.php(287): Woo_Variation_Gallery->slider_template_js('')
#5 /var/www/html/Loix/wp-includes/class-wp-hook.php(311): WP_Hook->apply_filters(NULL, Array)
#6 /var/www/html/Loix/wp-includes/plugin.php(478): WP_ en /var/www/html/Loix/wp-content/plugins/yith-woocommerce-featured-audio-video-content-premium/includes/classes/class.ywcfav-frontend-premium.php en la línea 45

2021-06-21T16:27:42+00:00 CRITICAL Uncaught Error: Call to a member function get_image_id() on null in /var/www/html/Loix/wp-content/plugins/yith-woocommerce-featured-audio-video-content-premium/includes/classes/class.ywcfav-frontend-premium.php:45
Stack trace:
#0 /var/www/html/Loix/wp-includes/class-wp-hook.php(287): YITH_Featured_Audio_Video_Frontend_Premium->get_video_audio_content('    <div class=...', 0)
#1 /var/www/html/Loix/wp-includes/plugin.php(206): WP_Hook->apply_filters('    <div class=...', Array)
#2 /var/www/html/Loix/wp-content/plugins/woo-variation-gallery/includes/slider-template-js.php(22): apply_filters('woocommerce_sin...', '    <div class=...', 0)
#3 /var/www/html/Loix/wp-content/plugins/woo-variation-gallery/woo-variation-gallery.php(445): require_once('/var/www/html/L...')
#4 /var/www/html/Loix/wp-includes/class-wp-hook.php(287): Woo_Variation_Gallery->slider_template_js('')
#5 /var/www/html/Loix/wp-includes/class-wp-hook.php(311): WP_Hook->apply_filters(NULL, Array)
#6 /var/www/html/Loix/wp-includes/plugin.php(478): WP_ en /var/www/html/Loix/wp-content/plugins/yith-woocommerce-featured-audio-video-content-premium/includes/classes/class.ywcfav-frontend-premium.php en la línea 45

2021-06-21T16:36:34+00:00 CRITICAL Uncaught Error: Call to a member function get_image_id() on null in /var/www/html/Loix/wp-content/plugins/yith-woocommerce-featured-audio-video-content-premium/includes/classes/class.ywcfav-frontend-premium.php:45
Stack trace:
#0 /var/www/html/Loix/wp-includes/class-wp-hook.php(287): YITH_Featured_Audio_Video_Frontend_Premium->get_video_audio_content('    <div class=...', 0)
#1 /var/www/html/Loix/wp-includes/plugin.php(206): WP_Hook->apply_filters('    <div class=...', Array)
#2 /var/www/html/Loix/wp-content/plugins/woo-variation-gallery/includes/slider-template-js.php(22): apply_filters('woocommerce_sin...', '    <div class=...', 0)
#3 /var/www/html/Loix/wp-content/plugins/woo-variation-gallery/woo-variation-gallery.php(445): require_once('/var/www/html/L...')
#4 /var/www/html/Loix/wp-includes/class-wp-hook.php(287): Woo_Variation_Gallery->slider_template_js('')
#5 /var/www/html/Loix/wp-includes/class-wp-hook.php(311): WP_Hook->apply_filters(NULL, Array)
#6 /var/www/html/Loix/wp-includes/plugin.php(478): WP_ en /var/www/html/Loix/wp-content/plugins/yith-woocommerce-featured-audio-video-content-premium/includes/classes/class.ywcfav-frontend-premium.php en la línea 45

2021-06-21T16:36:36+00:00 CRITICAL Uncaught Error: Call to a member function get_image_id() on null in /var/www/html/Loix/wp-content/plugins/yith-woocommerce-featured-audio-video-content-premium/includes/classes/class.ywcfav-frontend-premium.php:45
Stack trace:
#0 /var/www/html/Loix/wp-includes/class-wp-hook.php(287): YITH_Featured_Audio_Video_Frontend_Premium->get_video_audio_content('    <div class=...', 0)
#1 /var/www/html/Loix/wp-includes/plugin.php(206): WP_Hook->apply_filters('    <div class=...', Array)
#2 /var/www/html/Loix/wp-content/plugins/woo-variation-gallery/includes/slider-template-js.php(22): apply_filters('woocommerce_sin...', '    <div class=...', 0)
#3 /var/www/html/Loix/wp-content/plugins/woo-variation-gallery/woo-variation-gallery.php(445): require_once('/var/www/html/L...')
#4 /var/www/html/Loix/wp-includes/class-wp-hook.php(287): Woo_Variation_Gallery->slider_template_js('')
#5 /var/www/html/Loix/wp-includes/class-wp-hook.php(311): WP_Hook->apply_filters(NULL, Array)
#6 /var/www/html/Loix/wp-includes/plugin.php(478): WP_ en /var/www/html/Loix/wp-content/plugins/yith-woocommerce-featured-audio-video-content-premium/includes/classes/class.ywcfav-frontend-premium.php en la línea 45

2021-06-21T16:38:01+00:00 CRITICAL Uncaught Error: Call to a member function get_image_id() on null in /var/www/html/Loix/wp-content/plugins/yith-woocommerce-featured-audio-video-content-premium/includes/classes/class.ywcfav-frontend-premium.php:45
Stack trace:
#0 /var/www/html/Loix/wp-includes/class-wp-hook.php(287): YITH_Featured_Audio_Video_Frontend_Premium->get_video_audio_content('    <div class=...', 0)
#1 /var/www/html/Loix/wp-includes/plugin.php(206): WP_Hook->apply_filters('    <div class=...', Array)
#2 /var/www/html/Loix/wp-content/plugins/woo-variation-gallery/includes/slider-template-js.php(22): apply_filters('woocommerce_sin...', '    <div class=...', 0)
#3 /var/www/html/Loix/wp-content/plugins/woo-variation-gallery/woo-variation-gallery.php(445): require_once('/var/www/html/L...')
#4 /var/www/html/Loix/wp-includes/class-wp-hook.php(287): Woo_Variation_Gallery->slider_template_js('')
#5 /var/www/html/Loix/wp-includes/class-wp-hook.php(311): WP_Hook->apply_filters(NULL, Array)
#6 /var/www/html/Loix/wp-includes/plugin.php(478): WP_ en /var/www/html/Loix/wp-content/plugins/yith-woocommerce-featured-audio-video-content-premium/includes/classes/class.ywcfav-frontend-premium.php en la línea 45

2021-06-21T16:38:06+00:00 CRITICAL Uncaught Error: Call to a member function get_image_id() on null in /var/www/html/Loix/wp-content/plugins/yith-woocommerce-featured-audio-video-content-premium/includes/classes/class.ywcfav-frontend-premium.php:45
Stack trace:
#0 /var/www/html/Loix/wp-includes/class-wp-hook.php(287): YITH_Featured_Audio_Video_Frontend_Premium->get_video_audio_content('    <div class=...', 0)
#1 /var/www/html/Loix/wp-includes/plugin.php(206): WP_Hook->apply_filters('    <div class=...', Array)
#2 /var/www/html/Loix/wp-content/plugins/woo-variation-gallery/includes/slider-template-js.php(22): apply_filters('woocommerce_sin...', '    <div class=...', 0)
#3 /var/www/html/Loix/wp-content/plugins/woo-variation-gallery/woo-variation-gallery.php(445): require_once('/var/www/html/L...')
#4 /var/www/html/Loix/wp-includes/class-wp-hook.php(287): Woo_Variation_Gallery->slider_template_js('')
#5 /var/www/html/Loix/wp-includes/class-wp-hook.php(311): WP_Hook->apply_filters(NULL, Array)
#6 /var/www/html/Loix/wp-includes/plugin.php(478): WP_ en /var/www/html/Loix/wp-content/plugins/yith-woocommerce-featured-audio-video-content-premium/includes/classes/class.ywcfav-frontend-premium.php en la línea 45

2021-06-21T16:38:09+00:00 CRITICAL Uncaught Error: Call to a member function get_image_id() on null in /var/www/html/Loix/wp-content/plugins/yith-woocommerce-featured-audio-video-content-premium/includes/classes/class.ywcfav-frontend-premium.php:45
Stack trace:
#0 /var/www/html/Loix/wp-includes/class-wp-hook.php(287): YITH_Featured_Audio_Video_Frontend_Premium->get_video_audio_content('    <div class=...', 0)
#1 /var/www/html/Loix/wp-includes/plugin.php(206): WP_Hook->apply_filters('    <div class=...', Array)
#2 /var/www/html/Loix/wp-content/plugins/woo-variation-gallery/includes/slider-template-js.php(22): apply_filters('woocommerce_sin...', '    <div class=...', 0)
#3 /var/www/html/Loix/wp-content/plugins/woo-variation-gallery/woo-variation-gallery.php(445): require_once('/var/www/html/L...')
#4 /var/www/html/Loix/wp-includes/class-wp-hook.php(287): Woo_Variation_Gallery->slider_template_js('')
#5 /var/www/html/Loix/wp-includes/class-wp-hook.php(311): WP_Hook->apply_filters(NULL, Array)
#6 /var/www/html/Loix/wp-includes/plugin.php(478): WP_ en /var/www/html/Loix/wp-content/plugins/yith-woocommerce-featured-audio-video-content-premium/includes/classes/class.ywcfav-frontend-premium.php en la línea 45

2021-06-21T16:38:14+00:00 CRITICAL Uncaught Error: Call to a member function get_image_id() on null in /var/www/html/Loix/wp-content/plugins/yith-woocommerce-featured-audio-video-content-premium/includes/classes/class.ywcfav-frontend-premium.php:45
Stack trace:
#0 /var/www/html/Loix/wp-includes/class-wp-hook.php(287): YITH_Featured_Audio_Video_Frontend_Premium->get_video_audio_content('    <div class=...', 0)
#1 /var/www/html/Loix/wp-includes/plugin.php(206): WP_Hook->apply_filters('    <div class=...', Array)
#2 /var/www/html/Loix/wp-content/plugins/woo-variation-gallery/includes/slider-template-js.php(22): apply_filters('woocommerce_sin...', '    <div class=...', 0)
#3 /var/www/html/Loix/wp-content/plugins/woo-variation-gallery/woo-variation-gallery.php(445): require_once('/var/www/html/L...')
#4 /var/www/html/Loix/wp-includes/class-wp-hook.php(287): Woo_Variation_Gallery->slider_template_js('')
#5 /var/www/html/Loix/wp-includes/class-wp-hook.php(311): WP_Hook->apply_filters(NULL, Array)
#6 /var/www/html/Loix/wp-includes/plugin.php(478): WP_ en /var/www/html/Loix/wp-content/plugins/yith-woocommerce-featured-audio-video-content-premium/includes/classes/class.ywcfav-frontend-premium.php en la línea 45

2021-06-21T21:42:35+00:00 CRITICAL Uncaught Error: Call to a member function get_image_id() on null in /var/www/html/Loix/wp-content/plugins/yith-woocommerce-featured-audio-video-content-premium/includes/classes/class.ywcfav-frontend-premium.php:45
Stack trace:
#0 /var/www/html/Loix/wp-includes/class-wp-hook.php(287): YITH_Featured_Audio_Video_Frontend_Premium->get_video_audio_content('    <div class=...', 0)
#1 /var/www/html/Loix/wp-includes/plugin.php(206): WP_Hook->apply_filters('    <div class=...', Array)
#2 /var/www/html/Loix/wp-content/plugins/woo-variation-gallery/includes/slider-template-js.php(22): apply_filters('woocommerce_sin...', '    <div class=...', 0)
#3 /var/www/html/Loix/wp-content/plugins/woo-variation-gallery/woo-variation-gallery.php(445): require_once('/var/www/html/L...')
#4 /var/www/html/Loix/wp-includes/class-wp-hook.php(287): Woo_Variation_Gallery->slider_template_js('')
#5 /var/www/html/Loix/wp-includes/class-wp-hook.php(311): WP_Hook->apply_filters(NULL, Array)
#6 /var/www/html/Loix/wp-includes/plugin.php(478): WP_ en /var/www/html/Loix/wp-content/plugins/yith-woocommerce-featured-audio-video-content-premium/includes/classes/class.ywcfav-frontend-premium.php en la línea 45

2021-06-21T21:42:52+00:00 CRITICAL Uncaught Error: Call to a member function get_image_id() on null in /var/www/html/Loix/wp-content/plugins/yith-woocommerce-featured-audio-video-content-premium/includes/classes/class.ywcfav-frontend-premium.php:45
Stack trace:
#0 /var/www/html/Loix/wp-includes/class-wp-hook.php(287): YITH_Featured_Audio_Video_Frontend_Premium->get_video_audio_content('    <div class=...', 0)
#1 /var/www/html/Loix/wp-includes/plugin.php(206): WP_Hook->apply_filters('    <div class=...', Array)
#2 /var/www/html/Loix/wp-content/plugins/woo-variation-gallery/includes/slider-template-js.php(22): apply_filters('woocommerce_sin...', '    <div class=...', 0)
#3 /var/www/html/Loix/wp-content/plugins/woo-variation-gallery/woo-variation-gallery.php(445): require_once('/var/www/html/L...')
#4 /var/www/html/Loix/wp-includes/class-wp-hook.php(287): Woo_Variation_Gallery->slider_template_js('')
#5 /var/www/html/Loix/wp-includes/class-wp-hook.php(311): WP_Hook->apply_filters(NULL, Array)
#6 /var/www/html/Loix/wp-includes/plugin.php(478): WP_ en /var/www/html/Loix/wp-content/plugins/yith-woocommerce-featured-audio-video-content-premium/includes/classes/class.ywcfav-frontend-premium.php en la línea 45

2021-06-21T21:43:07+00:00 CRITICAL Uncaught Error: Call to a member function get_image_id() on null in /var/www/html/Loix/wp-content/plugins/yith-woocommerce-featured-audio-video-content-premium/includes/classes/class.ywcfav-frontend-premium.php:45
Stack trace:
#0 /var/www/html/Loix/wp-includes/class-wp-hook.php(287): YITH_Featured_Audio_Video_Frontend_Premium->get_video_audio_content('    <div class=...', 0)
#1 /var/www/html/Loix/wp-includes/plugin.php(206): WP_Hook->apply_filters('    <div class=...', Array)
#2 /var/www/html/Loix/wp-content/plugins/woo-variation-gallery/includes/slider-template-js.php(22): apply_filters('woocommerce_sin...', '    <div class=...', 0)
#3 /var/www/html/Loix/wp-content/plugins/woo-variation-gallery/woo-variation-gallery.php(445): require_once('/var/www/html/L...')
#4 /var/www/html/Loix/wp-includes/class-wp-hook.php(287): Woo_Variation_Gallery->slider_template_js('')
#5 /var/www/html/Loix/wp-includes/class-wp-hook.php(311): WP_Hook->apply_filters(NULL, Array)
#6 /var/www/html/Loix/wp-includes/plugin.php(478): WP_ en /var/www/html/Loix/wp-content/plugins/yith-woocommerce-featured-audio-video-content-premium/includes/classes/class.ywcfav-frontend-premium.php en la línea 45

2021-06-21T21:43:09+00:00 CRITICAL Uncaught Error: Call to a member function get_image_id() on null in /var/www/html/Loix/wp-content/plugins/yith-woocommerce-featured-audio-video-content-premium/includes/classes/class.ywcfav-frontend-premium.php:45
Stack trace:
#0 /var/www/html/Loix/wp-includes/class-wp-hook.php(287): YITH_Featured_Audio_Video_Frontend_Premium->get_video_audio_content('    <div class=...', 0)
#1 /var/www/html/Loix/wp-includes/plugin.php(206): WP_Hook->apply_filters('    <div class=...', Array)
#2 /var/www/html/Loix/wp-content/plugins/woo-variation-gallery/includes/slider-template-js.php(22): apply_filters('woocommerce_sin...', '    <div class=...', 0)
#3 /var/www/html/Loix/wp-content/plugins/woo-variation-gallery/woo-variation-gallery.php(445): require_once('/var/www/html/L...')
#4 /var/www/html/Loix/wp-includes/class-wp-hook.php(287): Woo_Variation_Gallery->slider_template_js('')
#5 /var/www/html/Loix/wp-includes/class-wp-hook.php(311): WP_Hook->apply_filters(NULL, Array)
#6 /var/www/html/Loix/wp-includes/plugin.php(478): WP_ en /var/www/html/Loix/wp-content/plugins/yith-woocommerce-featured-audio-video-content-premium/includes/classes/class.ywcfav-frontend-premium.php en la línea 45

